#
# There is insufficient memory for the Java Runtime Environment to continue.
# Native memory allocation (malloc) failed to allocate 1583296 bytes for Chunk::new
# Possible reasons:
#   The system is out of physical RAM or swap space
#   The process is running with CompressedOops enabled, and the Java Heap may be blocking the growth of the native heap
# Possible solutions:
#   Reduce memory load on the system
#   Increase physical memory or swap space
#   Check if swap backing store is full
#   Decrease Java heap size (-Xmx/-Xms)
#   Decrease number of Java threads
#   Decrease Java thread stack sizes (-Xss)
#   Set larger code cache with -XX:ReservedCodeCacheSize=
#   JVM is running with Unscaled Compressed Oops mode in which the Java heap is
#     placed in the first 4GB address space. The Java Heap base address is the
#     maximum limit for the native heap growth. Please use -XX:HeapBaseMinAddress
#     to set the Java Heap base and to place the Java Heap above 4GB virtual address.
# This output file may be truncated or incomplete.
#
#  Out of Memory Error (allocation.cpp:389), pid=7664, tid=0x00000000000013fc
#
# JRE version: OpenJDK Runtime Environment (8.0_202-b03) (build 1.8.0_202-release-1483-b03)
# Java VM: OpenJDK 64-Bit Server VM (25.202-b03 mixed mode windows-amd64 compressed oops)
# Failed to write core dump. Minidumps are not enabled by default on client versions of Windows
#

---------------  T H R E A D  ---------------

Current thread (0x0000000016c36800):  JavaThread "C2 CompilerThread0" daemon [_thread_in_native, id=5116, stack(0x00000000182a0000,0x00000000183a0000)]

Stack: [0x00000000182a0000,0x00000000183a0000]
[error occurred during error reporting (printing stack bounds), id 0xc0000005]

Native frames: (J=compiled Java code, j=interpreted, Vv=VM code, C=native code)


Current CompileTask:
C2:5346383 26899       4       com.android.utils.PositionXmlParser::getPositionHelper (757 bytes)


---------------  P R O C E S S  ---------------

Java Threads: ( => current thread )
  0x0000000019e0d800 JavaThread "stdout" [_thread_in_native, id=4612, stack(0x0000000047ee0000,0x0000000047fe0000)]
  0x0000000019e0c800 JavaThread "stderr" [_thread_in_native, id=864, stack(0x0000000047de0000,0x0000000047ee0000)]
  0x0000000019e12800 JavaThread "pool-33-thread-1" [_thread_blocked, id=8016, stack(0x0000000047ce0000,0x0000000047de0000)]
  0x0000000020042800 JavaThread "WorkerExecutor Queue Thread 2" [_thread_blocked, id=1724, stack(0x0000000047be0000,0x0000000047ce0000)]
  0x0000000020041800 JavaThread "WorkerExecutor Queue" [_thread_blocked, id=3040, stack(0x0000000047ae0000,0x0000000047be0000)]
  0x0000000020040000 JavaThread "Cache worker for execution history cache (D:\MyMap\.gradle\5.4.1\executionHistory)" [_thread_blocked, id=3616, stack(0x00000000479e0000,0x0000000047ae0000)]
  0x0000000020044000 JavaThread "Execution worker for ':' Thread 3" [_thread_blocked, id=1964, stack(0x00000000478e0000,0x00000000479e0000)]
  0x0000000020045800 JavaThread "Execution worker for ':' Thread 2" [_thread_blocked, id=2184, stack(0x00000000477e0000,0x00000000478e0000)]
  0x0000000020038000 JavaThread "Execution worker for ':'" [_thread_blocked, id=344, stack(0x00000000476e0000,0x00000000477e0000)]
  0x0000000020039800 JavaThread "Cache worker for file content cache (D:\MyMap\.gradle\5.4.1\fileContent)" [_thread_blocked, id=3368, stack(0x00000000475e0000,0x00000000476e0000)]
  0x000000002003e000 JavaThread "Cache worker for Build Output Cleanup Cache (D:\MyMap\.gradle\buildOutputCleanup)" [_thread_blocked, id=3772, stack(0x00000000474e0000,0x00000000475e0000)]
  0x000000001a08d000 JavaThread "Build operations Thread 4" [_thread_blocked, id=4304, stack(0x00000000473e0000,0x00000000474e0000)]
  0x000000001a08c000 JavaThread "Build operations Thread 3" [_thread_blocked, id=300, stack(0x00000000472e0000,0x00000000473e0000)]
  0x000000001a08e800 JavaThread "Build operations Thread 2" [_thread_blocked, id=5392, stack(0x00000000471e0000,0x00000000472e0000)]
  0x000000001a08b800 JavaThread "Build operations" [_thread_blocked, id=3884, stack(0x00000000470e0000,0x00000000471e0000)]
  0x000000001a084800 JavaThread "Cache worker for cache directory md-rule (C:\Users\Home\.gradle\caches\5.4.1\md-rule)" [_thread_blocked, id=2348, stack(0x0000000046fe0000,0x00000000470e0000)]
  0x000000001a08a800 JavaThread "Cache worker for cache directory md-supplier (C:\Users\Home\.gradle\caches\5.4.1\md-supplier)" [_thread_blocked, id=5384, stack(0x0000000046ee0000,0x0000000046fe0000)]
  0x000000001a08a000 JavaThread "Cache worker for file hash cache (D:\MyMap\.gradle\5.4.1\fileHashes)" [_thread_blocked, id=972, stack(0x0000000046de0000,0x0000000046ee0000)]
  0x000000001a085800 JavaThread "Thread-390" [_thread_blocked, id=7188, stack(0x0000000046ce0000,0x0000000046de0000)]
  0x000000001a080000 JavaThread "Stdin handler" [_thread_blocked, id=6036, stack(0x0000000046be0000,0x0000000046ce0000)]
  0x000000001a081000 JavaThread "Asynchronous log dispatcher for DefaultDaemonConnection: socket connection from /127.0.0.1:50892 to /127.0.0.1:51797" [_thread_blocked, id=2156, stack(0x0000000046ae0000,0x0000000046be0000)]
  0x000000001a084000 JavaThread "Daemon worker Thread 16" [_thread_blocked, id=7356, stack(0x00000000469e0000,0x0000000046ae0000)]
  0x000000001a087000 JavaThread "Cancel handler" [_thread_blocked, id=2908, stack(0x00000000468e0000,0x00000000469e0000)]
  0x000000001a082800 JavaThread "Handler for socket connection from /127.0.0.1:50892 to /127.0.0.1:51797" [_thread_in_native, id=3024, stack(0x00000000467e0000,0x00000000468e0000)]
  0x000000001a081800 JavaThread "Daemon Thread 16" [_thread_blocked, id=5428, stack(0x00000000466e0000,0x00000000467e0000)]
  0x0000000020043000 JavaThread "Cache worker for Java compile cache (C:\Users\Home\.gradle\caches\5.4.1\javaCompile)" [_thread_blocked, id=6112, stack(0x00000000246a0000,0x00000000247a0000)]
  0x000000002003f800 JavaThread "Cache worker for file content cache (C:\Users\Home\.gradle\caches\5.4.1\fileContent)" [_thread_blocked, id=4368, stack(0x00000000235b0000,0x00000000236b0000)]
  0x0000000020038800 JavaThread "Memory manager" [_thread_blocked, id=6572, stack(0x00000000234b0000,0x00000000235b0000)]
  0x000000002003b000 JavaThread "Cache worker for execution history cache (C:\Users\Home\.gradle\caches\5.4.1\executionHistory)" [_thread_blocked, id=4740, stack(0x0000000020e80000,0x0000000020f80000)]
  0x0000000019e0e000 JavaThread "Cache worker for journal cache (C:\Users\Home\.gradle\caches\journal-1)" [_thread_blocked, id=6104, stack(0x000000001ba00000,0x000000001bb00000)]
  0x0000000019e12000 JavaThread "File lock request listener" [_thread_in_native, id=6868, stack(0x000000001b700000,0x000000001b800000)]
  0x0000000019e0a000 JavaThread "Cache worker for file hash cache (C:\Users\Home\.gradle\caches\5.4.1\fileHashes)" [_thread_blocked, id=6000, stack(0x000000001b600000,0x000000001b700000)]
  0x0000000019c44800 JavaThread "Daemon periodic checks" [_thread_blocked, id=1984, stack(0x000000001ac00000,0x000000001ad00000)]
  0x0000000019b4a000 JavaThread "Incoming local TCP Connector on port 50892" [_thread_in_native, id=1232, stack(0x000000001a9b0000,0x000000001aab0000)]
  0x0000000019add800 JavaThread "Daemon health stats" [_thread_blocked, id=7752, stack(0x000000001a370000,0x000000001a470000)]
  0x00000000185d0800 JavaThread "Service Thread" daemon [_thread_blocked, id=3044, stack(0x00000000189a0000,0x0000000018aa0000)]
  0x0000000016c55000 JavaThread "C1 CompilerThread2" daemon [_thread_blocked, id=7364, stack(0x00000000184a0000,0x00000000185a0000)]
  0x0000000016c3b000 JavaThread "C2 CompilerThread1" daemon [_thread_blocked, id=4036, stack(0x00000000183a0000,0x00000000184a0000)]
=>0x0000000016c36800 JavaThread "C2 CompilerThread0" daemon [_thread_in_native, id=5116, stack(0x00000000182a0000,0x00000000183a0000)]
  0x0000000016c35800 JavaThread "Attach Listener" daemon [_thread_blocked, id=3692, stack(0x00000000181a0000,0x00000000182a0000)]
  0x0000000016c33800 JavaThread "Signal Dispatcher" daemon [_thread_blocked, id=2080, stack(0x00000000180a0000,0x00000000181a0000)]
  0x00000000031eb800 JavaThread "Finalizer" daemon [_thread_blocked, id=7108, stack(0x0000000017ea0000,0x0000000017fa0000)]
  0x0000000016c19000 JavaThread "Reference Handler" daemon [_thread_blocked, id=6576, stack(0x0000000017da0000,0x0000000017ea0000)]
  0x00000000032bd800 JavaThread "main" [_thread_blocked, id=192, stack(0x0000000002fc0000,0x00000000030c0000)]

Other Threads:
  0x0000000016bf4800 VMThread [stack: 0x0000000017ca0000,0x0000000017da0000] [id=7224]
  0x00000000185b5800 WatcherThread [stack: 0x0000000018aa0000,0x0000000018ba0000] [id=4168]

VM state:not at safepoint (normal execution)

VM Mutex/Monitor currently owned by a thread: None

OutOfMemory and StackOverflow Exception counts:
OutOfMemoryError java_heap_errors=1

heap address: 0x00000000a0000000, size: 1536 MB, Compressed Oops mode: 32-bit
Narrow klass base: 0x0000000000000000, Narrow klass shift: 3
Compressed class space size: 1073741824 Address: 0x0000000100000000

Heap:
 PSYoungGen      total 325632K, used 271920K [0x00000000e0000000, 0x00000000ff980000, 0x0000000100000000)
  eden space 323072K, 83% used [0x00000000e0000000,0x00000000f07700b8,0x00000000f3b80000)
  from space 2560K, 84% used [0x00000000f3b80000,0x00000000f3d9c010,0x00000000f3e00000)
  to   space 97280K, 0% used [0x00000000f9a80000,0x00000000f9a80000,0x00000000ff980000)
 ParOldGen       total 206848K, used 138735K [0x00000000a0000000, 0x00000000aca00000, 0x00000000e0000000)
  object space 206848K, 67% used [0x00000000a0000000,0x00000000a877bdf8,0x00000000aca00000)
 Metaspace       used 102980K, capacity 109784K, committed 109976K, reserved 1144832K
  class space    used 13059K, capacity 14231K, committed 14248K, reserved 1048576K

Card table byte_map: [0x0000000012680000,0x0000000012990000] byte_map_base: 0x0000000012180000

Marking Bits: (ParMarkBitMap*) 0x0000000069c29f30
 Begin Bits: [0x0000000012f90000, 0x0000000014790000)
 End Bits:   [0x0000000014790000, 0x0000000015f90000)

Polling page: 0x0000000000ff0000

CodeCache: size=245760Kb used=73228Kb max_used=73250Kb free=172531Kb
 bounds [0x00000000032c0000, 0x0000000007ac0000, 0x00000000122c0000]
 total_blobs=21253 nmethods=20340 adapters=824
 compilation: enabled

Compilation events (10 events):
Event: 5345.154 Thread 0x0000000016c55000 nmethod 26917 0x0000000007a97950 code [0x0000000007a97ae0, 0x0000000007a97fa8]
Event: 5345.633 Thread 0x0000000016c3b000 nmethod 26900 0x0000000007a9e6d0 code [0x0000000007a9eac0, 0x0000000007aa2330]
Event: 5345.635 Thread 0x0000000016c3b000 26902   !   4       sun.util.locale.provider.JRELocaleProviderAdapter::getDecimalFormatSymbolsProvider (56 bytes)
Event: 5345.636 Thread 0x0000000016c3b000 nmethod 26902 0x000000000534d050 code [0x000000000534d180, 0x000000000534d1f8]
Event: 5345.638 Thread 0x0000000016c3b000 26903       4       java.util.Currency::getMainTableEntry (49 bytes)
Event: 5345.639 Thread 0x0000000016c3b000 nmethod 26903 0x00000000033f1f50 code [0x00000000033f20a0, 0x00000000033f2198]
Event: 5345.640 Thread 0x0000000016c3b000 26904   !   4       java.text.DecimalFormatSymbols::initialize (317 bytes)
Event: 5345.791 Thread 0x0000000016c3b000 nmethod 26904 0x0000000007ab1d90 code [0x0000000007ab2140, 0x0000000007ab5060]
Event: 5345.793 Thread 0x0000000016c3b000 26905       4       sun.util.locale.provider.DecimalFormatSymbolsProviderImpl::getInstance (21 bytes)
Event: 5345.795 Thread 0x0000000016c3b000 nmethod 26905 0x00000000035bcd90 code [0x00000000035bcee0, 0x00000000035bd008]

GC Heap History (10 events):
Event: 4682.051 GC heap before
{Heap before GC invocations=45 (full 6):
 PSYoungGen      total 429568K, used 372271K [0x00000000e0000000, 0x0000000100000000, 0x0000000100000000)
  eden space 337920K, 100% used [0x00000000e0000000,0x00000000f4a00000,0x00000000f4a00000)
  from space 91648K, 37% used [0x00000000fa680000,0x00000000fc80bc30,0x0000000100000000)
  to   space 93184K, 0% used [0x00000000f4a00000,0x00000000f4a00000,0x00000000fa500000)
 ParOldGen       total 206848K, used 137136K [0x00000000a0000000, 0x00000000aca00000, 0x00000000e0000000)
  object space 206848K, 66% used [0x00000000a0000000,0x00000000a85ec0a0,0x00000000aca00000)
 Metaspace       used 101595K, capacity 107080K, committed 107416K, reserved 1142784K
  class space    used 12868K, capacity 13879K, committed 13992K, reserved 1048576K
Event: 4682.075 GC heap after
Heap after GC invocations=45 (full 6):
 PSYoungGen      total 431104K, used 3974K [0x00000000e0000000, 0x00000000fff80000, 0x0000000100000000)
  eden space 337920K, 0% used [0x00000000e0000000,0x00000000e0000000,0x00000000f4a00000)
  from space 93184K, 4% used [0x00000000f4a00000,0x00000000f4de1910,0x00000000fa500000)
  to   space 92160K, 0% used [0x00000000fa580000,0x00000000fa580000,0x00000000fff80000)
 ParOldGen       total 206848K, used 137751K [0x00000000a0000000, 0x00000000aca00000, 0x00000000e0000000)
  object space 206848K, 66% used [0x00000000a0000000,0x00000000a8685da8,0x00000000aca00000)
 Metaspace       used 101595K, capacity 107080K, committed 107416K, reserved 1142784K
  class space    used 12868K, capacity 13879K, committed 13992K, reserved 1048576K
}
Event: 4985.675 GC heap before
{Heap before GC invocations=46 (full 6):
 PSYoungGen      total 431104K, used 341894K [0x00000000e0000000, 0x00000000fff80000, 0x0000000100000000)
  eden space 337920K, 100% used [0x00000000e0000000,0x00000000f4a00000,0x00000000f4a00000)
  from space 93184K, 4% used [0x00000000f4a00000,0x00000000f4de1910,0x00000000fa500000)
  to   space 92160K, 0% used [0x00000000fa580000,0x00000000fa580000,0x00000000fff80000)
 ParOldGen       total 206848K, used 137751K [0x00000000a0000000, 0x00000000aca00000, 0x00000000e0000000)
  object space 206848K, 66% used [0x00000000a0000000,0x00000000a8685da8,0x00000000aca00000)
 Metaspace       used 101818K, capacity 107316K, committed 107672K, reserved 1142784K
  class space    used 12871K, capacity 13885K, committed 13992K, reserved 1048576K
Event: 4985.692 GC heap after
Heap after GC invocations=46 (full 6):
 PSYoungGen      total 427520K, used 4912K [0x00000000e0000000, 0x00000000ffc00000, 0x0000000100000000)
  eden space 338944K, 0% used [0x00000000e0000000,0x00000000e0000000,0x00000000f4b00000)
  from space 88576K, 5% used [0x00000000fa580000,0x00000000faa4c020,0x00000000ffc00000)
  to   space 90624K, 0% used [0x00000000f4b00000,0x00000000f4b00000,0x00000000fa380000)
 ParOldGen       total 206848K, used 137759K [0x00000000a0000000, 0x00000000aca00000, 0x00000000e0000000)
  object space 206848K, 66% used [0x00000000a0000000,0x00000000a8687da8,0x00000000aca00000)
 Metaspace       used 101818K, capacity 107316K, committed 107672K, reserved 1142784K
  class space    used 12871K, capacity 13885K, committed 13992K, reserved 1048576K
}
Event: 4988.879 GC heap before
{Heap before GC invocations=47 (full 6):
 PSYoungGen      total 427520K, used 343856K [0x00000000e0000000, 0x00000000ffc00000, 0x0000000100000000)
  eden space 338944K, 100% used [0x00000000e0000000,0x00000000f4b00000,0x00000000f4b00000)
  from space 88576K, 5% used [0x00000000fa580000,0x00000000faa4c020,0x00000000ffc00000)
  to   space 90624K, 0% used [0x00000000f4b00000,0x00000000f4b00000,0x00000000fa380000)
 ParOldGen       total 206848K, used 137759K [0x00000000a0000000, 0x00000000aca00000, 0x00000000e0000000)
  object space 206848K, 66% used [0x00000000a0000000,0x00000000a8687da8,0x00000000aca00000)
 Metaspace       used 101874K, capacity 107382K, committed 107672K, reserved 1142784K
  class space    used 12877K, capacity 13896K, committed 13992K, reserved 1048576K
Event: 4989.111 GC heap after
Heap after GC invocations=47 (full 6):
 PSYoungGen      total 421888K, used 82851K [0x00000000e0000000, 0x0000000100000000, 0x0000000100000000)
  eden space 338944K, 0% used [0x00000000e0000000,0x00000000e0000000,0x00000000f4b00000)
  from space 82944K, 99% used [0x00000000f4b00000,0x00000000f9be8c50,0x00000000f9c00000)
  to   space 102400K, 0% used [0x00000000f9c00000,0x00000000f9c00000,0x0000000100000000)
 ParOldGen       total 206848K, used 137767K [0x00000000a0000000, 0x00000000aca00000, 0x00000000e0000000)
  object space 206848K, 66% used [0x00000000a0000000,0x00000000a8689da8,0x00000000aca00000)
 Metaspace       used 101874K, capacity 107382K, committed 107672K, reserved 1142784K
  class space    used 12877K, capacity 13896K, committed 13992K, reserved 1048576K
}
Event: 5020.664 GC heap before
{Heap before GC invocations=48 (full 6):
 PSYoungGen      total 421888K, used 421795K [0x00000000e0000000, 0x0000000100000000, 0x0000000100000000)
  eden space 338944K, 100% used [0x00000000e0000000,0x00000000f4b00000,0x00000000f4b00000)
  from space 82944K, 99% used [0x00000000f4b00000,0x00000000f9be8c50,0x00000000f9c00000)
  to   space 102400K, 0% used [0x00000000f9c00000,0x00000000f9c00000,0x0000000100000000)
 ParOldGen       total 206848K, used 137767K [0x00000000a0000000, 0x00000000aca00000, 0x00000000e0000000)
  object space 206848K, 66% used [0x00000000a0000000,0x00000000a8689da8,0x00000000aca00000)
 Metaspace       used 102635K, capacity 109248K, committed 109464K, reserved 1144832K
  class space    used 13028K, capacity 14175K, committed 14248K, reserved 1048576K
Event: 5020.701 GC heap after
Heap after GC invocations=48 (full 6):
 PSYoungGen      total 425472K, used 25722K [0x00000000e0000000, 0x0000000100000000, 0x0000000100000000)
  eden space 323072K, 0% used [0x00000000e0000000,0x00000000e0000000,0x00000000f3b80000)
  from space 102400K, 25% used [0x00000000f9c00000,0x00000000fb51ebd8,0x0000000100000000)
  to   space 98816K, 0% used [0x00000000f3b80000,0x00000000f3b80000,0x00000000f9c00000)
 ParOldGen       total 206848K, used 138095K [0x00000000a0000000, 0x00000000aca00000, 0x00000000e0000000)
  object space 206848K, 66% used [0x00000000a0000000,0x00000000a86dbdd8,0x00000000aca00000)
 Metaspace       used 102635K, capacity 109248K, committed 109464K, reserved 1144832K
  class space    used 13028K, capacity 14175K, committed 14248K, reserved 1048576K
}
Event: 5172.343 GC heap before
{Heap before GC invocations=49 (full 6):
 PSYoungGen      total 425472K, used 348794K [0x00000000e0000000, 0x0000000100000000, 0x0000000100000000)
  eden space 323072K, 100% used [0x00000000e0000000,0x00000000f3b80000,0x00000000f3b80000)
  from space 102400K, 25% used [0x00000000f9c00000,0x00000000fb51ebd8,0x0000000100000000)
  to   space 98816K, 0% used [0x00000000f3b80000,0x00000000f3b80000,0x00000000f9c00000)
 ParOldGen       total 206848K, used 138095K [0x00000000a0000000, 0x00000000aca00000, 0x00000000e0000000)
  object space 206848K, 66% used [0x00000000a0000000,0x00000000a86dbdd8,0x00000000aca00000)
 Metaspace       used 102665K, capacity 109254K, committed 109464K, reserved 1144832K
  class space    used 13028K, capacity 14176K, committed 14248K, reserved 1048576K
Event: 5172.357 GC heap after
Heap after GC invocations=49 (full 6):
 PSYoungGen      total 325632K, used 2160K [0x00000000e0000000, 0x00000000ff980000, 0x0000000100000000)
  eden space 323072K, 0% used [0x00000000e0000000,0x00000000e0000000,0x00000000f3b80000)
  from space 2560K, 84% used [0x00000000f3b80000,0x00000000f3d9c010,0x00000000f3e00000)
  to   space 97280K, 0% used [0x00000000f9a80000,0x00000000f9a80000,0x00000000ff980000)
 ParOldGen       total 206848K, used 138735K [0x00000000a0000000, 0x00000000aca00000, 0x00000000e0000000)
  object space 206848K, 67% used [0x00000000a0000000,0x00000000a877bdf8,0x00000000aca00000)
 Metaspace       used 102665K, capacity 109254K, committed 109464K, reserved 1144832K
  class space    used 13028K, capacity 14176K, committed 14248K, reserved 1048576K
}

Deoptimization events (10 events):
Event: 5019.609 Thread 0x0000000020039800 Uncommon trap: reason=array_check action=maybe_recompile pc=0x000000000781b778 method=java.util.ComparableTimSort.mergeLo(IIII)V @ 587
Event: 5019.609 Thread 0x0000000020039800 Uncommon trap: reason=array_check action=maybe_recompile pc=0x000000000781b68c method=java.util.ComparableTimSort.mergeLo(IIII)V @ 465
Event: 5019.609 Thread 0x0000000020039800 Uncommon trap: reason=array_check action=maybe_recompile pc=0x000000000781b68c method=java.util.ComparableTimSort.mergeLo(IIII)V @ 465
Event: 5019.609 Thread 0x0000000020039800 Uncommon trap: reason=array_check action=maybe_recompile pc=0x000000000780a0b0 method=java.util.ComparableTimSort.mergeHi(IIII)V @ 415
Event: 5019.609 Thread 0x0000000020039800 Uncommon trap: reason=array_check action=maybe_recompile pc=0x000000000780a0b0 method=java.util.ComparableTimSort.mergeHi(IIII)V @ 415
Event: 5019.609 Thread 0x0000000020039800 Uncommon trap: reason=array_check action=maybe_recompile pc=0x0000000007807570 method=java.util.ComparableTimSort.mergeHi(IIII)V @ 277
Event: 5019.610 Thread 0x0000000020039800 Uncommon trap: reason=array_check action=maybe_recompile pc=0x000000000780cd30 method=java.util.ComparableTimSort.mergeLo(IIII)V @ 371
Event: 5019.798 Thread 0x0000000020039800 Uncommon trap: reason=unstable_if action=reinterpret pc=0x00000000048b6b58 method=com.sun.tools.javac.code.Scope.lookup(Lcom/sun/tools/javac/util/Name;Lcom/sun/tools/javac/util/Filter;)Lcom/sun/tools/javac/code/Scope$Entry; @ 19
Event: 5344.341 Thread 0x0000000020045800 Uncommon trap: reason=unstable_if action=reinterpret pc=0x0000000005a20378 method=java.util.concurrent.ConcurrentHashMap.replaceNode(Ljava/lang/Object;Ljava/lang/Object;Ljava/lang/Object;)Ljava/lang/Object; @ 99
Event: 5344.774 Thread 0x0000000020045800 Uncommon trap: reason=class_check action=maybe_recompile pc=0x0000000004473424 method=java.util.stream.MatchOps$MatchOp.evaluateSequential(Ljava/util/stream/PipelineHelper;Ljava/util/Spliterator;)Ljava/lang/Boolean; @ 14

Classes redefined (0 events):
No events

Internal exceptions (10 events):
Event: 4990.618 Thread 0x000000001a084000 Implicit null exception at 0x0000000003cc75c6 to 0x0000000003cc7671
Event: 5018.109 Thread 0x000000001a081000 Implicit null exception at 0x0000000005f94b03 to 0x0000000005f95005
Event: 5018.109 Thread 0x000000001a081000 Implicit null exception at 0x00000000047b62a4 to 0x00000000047b66f9
Event: 5020.435 Thread 0x0000000020045800 Exception <a 'sun/nio/fs/WindowsException'> (0x00000000f255f6d0) thrown at [D:\src\AOSP-openjdk-cygwin\jdk8u\hotspot\src\share\vm\prims\jni.cpp, line 710]
Event: 5020.458 Thread 0x0000000020045800 Exception <a 'sun/nio/fs/WindowsException'> (0x00000000f26e1340) thrown at [D:\src\AOSP-openjdk-cygwin\jdk8u\hotspot\src\share\vm\prims\jni.cpp, line 710]
Event: 5020.460 Thread 0x0000000020045800 Exception <a 'sun/nio/fs/WindowsException'> (0x00000000f26e9ca8) thrown at [D:\src\AOSP-openjdk-cygwin\jdk8u\hotspot\src\share\vm\prims\jni.cpp, line 710]
Event: 5020.647 Thread 0x0000000019e10800 Exception <a 'sun/nio/fs/WindowsException'> (0x00000000f32160d0) thrown at [D:\src\AOSP-openjdk-cygwin\jdk8u\hotspot\src\share\vm\prims\jni.cpp, line 710]
Event: 5021.953 Thread 0x000000001dd16800 Exception <a 'sun/nio/fs/WindowsException'> (0x00000000ee466150) thrown at [D:\src\AOSP-openjdk-cygwin\jdk8u\hotspot\src\share\vm\prims\jni.cpp, line 710]
Event: 5022.521 Thread 0x000000001a081000 Exception <a 'sun/nio/fs/WindowsException'> (0x00000000f259e880) thrown at [D:\src\AOSP-openjdk-cygwin\jdk8u\hotspot\src\share\vm\prims\jni.cpp, line 710]
Event: 5176.943 Thread 0x000000001a080000 Exception <a 'sun/nio/fs/WindowsException'> (0x00000000eab06d08) thrown at [D:\src\AOSP-openjdk-cygwin\jdk8u\hotspot\src\share\vm\prims\jni.cpp, line 710]

Events (10 events):
Event: 5345.145 Executing VM operation: RevokeBias done
Event: 5345.151 Thread 0x0000000016c55000 flushing nmethod 0x00000000033c3490
Event: 5345.151 Thread 0x0000000016c55000 flushing nmethod 0x00000000033f1f50
Event: 5345.153 Thread 0x0000000016c55000 flushing nmethod 0x00000000035bcd90
Event: 5345.180 Thread 0x0000000019e12800 Thread added: 0x0000000019e12800
Event: 5345.183 Thread 0x0000000019e0c800 Thread added: 0x0000000019e0c800
Event: 5345.183 Thread 0x0000000019e0d800 Thread added: 0x0000000019e0d800
Event: 5345.634 Thread 0x0000000016c3b000 flushing nmethod 0x00000000038b0c90
Event: 5345.640 Thread 0x0000000016c3b000 flushing nmethod 0x000000000416aad0
Event: 5345.640 Thread 0x0000000016c3b000 flushing nmethod 0x00000000041d77d0


Dynamic libraries:
0x00007ff6eba90000 - 0x00007ff6ebac1000 	C:\Program Files\Android\Android Studio\jre\bin\java.exe
0x00007ffb37ca0000 - 0x00007ffb37e8d000 	C:\Windows\SYSTEM32\ntdll.dll
0x00007ffb37970000 - 0x00007ffb37a23000 	C:\Windows\System32\KERNEL32.DLL
0x00007ffb33ee0000 - 0x00007ffb34173000 	C:\Windows\System32\KERNELBASE.dll
0x00007ffb35c00000 - 0x00007ffb35ca3000 	C:\Windows\System32\ADVAPI32.dll
0x00007ffb376f0000 - 0x00007ffb3778e000 	C:\Windows\System32\msvcrt.dll
0x00007ffb35b40000 - 0x00007ffb35bde000 	C:\Windows\System32\sechost.dll
0x00007ffb37840000 - 0x00007ffb37962000 	C:\Windows\System32\RPCRT4.dll
0x00007ffb35e70000 - 0x00007ffb36007000 	C:\Windows\System32\USER32.dll
0x00007ffb34630000 - 0x00007ffb34650000 	C:\Windows\System32\win32u.dll
0x00007ffb35ce0000 - 0x00007ffb35d09000 	C:\Windows\System32\GDI32.dll
0x00007ffb342b0000 - 0x00007ffb34449000 	C:\Windows\System32\gdi32full.dll
0x00007ffb34650000 - 0x00007ffb346f0000 	C:\Windows\System32\msvcp_win.dll
0x00007ffb33d60000 - 0x00007ffb33e5a000 	C:\Windows\System32\ucrtbase.dll
0x00007ffb23b00000 - 0x00007ffb23d79000 	C:\Windows\WinSxS\amd64_microsoft.windows.common-controls_6595b64144ccf1df_6.0.17763.802_none_05b1445c0722d2cc\COMCTL32.dll
0x00007ffb34ec0000 - 0x00007ffb351ec000 	C:\Windows\System32\combase.dll
0x00007ffb34e40000 - 0x00007ffb34ebe000 	C:\Windows\System32\bcryptPrimitives.dll
0x00007ffb35cb0000 - 0x00007ffb35cde000 	C:\Windows\System32\IMM32.DLL
0x0000000069060000 - 0x0000000069132000 	C:\Program Files\Android\Android Studio\jre\jre\bin\msvcr100.dll
0x0000000069460000 - 0x0000000069ca6000 	C:\Program Files\Android\Android Studio\jre\jre\bin\server\jvm.dll
0x00007ffb35d10000 - 0x00007ffb35d18000 	C:\Windows\System32\PSAPI.DLL
0x00007ffb29cc0000 - 0x00007ffb29cc9000 	C:\Windows\SYSTEM32\WSOCK32.dll
0x00007ffb31a10000 - 0x00007ffb31a34000 	C:\Windows\SYSTEM32\WINMM.dll
0x00007ffb37a90000 - 0x00007ffb37afd000 	C:\Windows\System32\WS2_32.dll
0x00007ffb32810000 - 0x00007ffb3281a000 	C:\Windows\SYSTEM32\VERSION.dll
0x00007ffb319b0000 - 0x00007ffb319dd000 	C:\Windows\SYSTEM32\WINMMBASE.dll
0x00007ffb34260000 - 0x00007ffb342aa000 	C:\Windows\System32\cfgmgr32.dll
0x00007ffb32620000 - 0x00007ffb3262f000 	C:\Program Files\Android\Android Studio\jre\jre\bin\verify.dll
0x00007ffb2ee40000 - 0x00007ffb2ee69000 	C:\Program Files\Android\Android Studio\jre\jre\bin\java.dll
0x00007ffb30330000 - 0x00007ffb30346000 	C:\Program Files\Android\Android Studio\jre\jre\bin\zip.dll
0x00007ffb361f0000 - 0x00007ffb376e4000 	C:\Windows\System32\SHELL32.dll
0x00007ffb36140000 - 0x00007ffb361e8000 	C:\Windows\System32\shcore.dll
0x00007ffb346f0000 - 0x00007ffb34e3d000 	C:\Windows\System32\windows.storage.dll
0x00007ffb33d30000 - 0x00007ffb33d54000 	C:\Windows\System32\profapi.dll
0x00007ffb33cd0000 - 0x00007ffb33d2d000 	C:\Windows\System32\powrprof.dll
0x00007ffb36080000 - 0x00007ffb360d2000 	C:\Windows\System32\shlwapi.dll
0x00007ffb33c90000 - 0x00007ffb33ca1000 	C:\Windows\System32\kernel.appcore.dll
0x00007ffb33ec0000 - 0x00007ffb33ed7000 	C:\Windows\System32\cryptsp.dll
0x00007ffb30260000 - 0x00007ffb3027a000 	C:\Program Files\Android\Android Studio\jre\jre\bin\net.dll
0x00007ffb334a0000 - 0x00007ffb33507000 	C:\Windows\system32\mswsock.dll
0x00007ffb2edf0000 - 0x00007ffb2ee01000 	C:\Program Files\Android\Android Studio\jre\jre\bin\nio.dll
0x00007ffb31b10000 - 0x00007ffb31b36000 	C:\Users\Home\.gradle\native\29\windows-amd64\native-platform.dll
0x00007ffb32160000 - 0x00007ffb3216d000 	C:\Program Files\Android\Android Studio\jre\jre\bin\management.dll
0x00007ffb33020000 - 0x00007ffb33053000 	C:\Windows\system32\rsaenh.dll
0x00007ffb34230000 - 0x00007ffb34256000 	C:\Windows\System32\bcrypt.dll
0x00007ffb33b90000 - 0x00007ffb33bb8000 	C:\Windows\SYSTEM32\USERENV.dll
0x00007ffb33670000 - 0x00007ffb3367c000 	C:\Windows\SYSTEM32\CRYPTBASE.dll
0x00007ffb331c0000 - 0x00007ffb331fd000 	C:\Windows\SYSTEM32\IPHLPAPI.DLL
0x00007ffb37c60000 - 0x00007ffb37c68000 	C:\Windows\System32\NSI.dll
0x00007ffb2d9f0000 - 0x00007ffb2da06000 	C:\Windows\SYSTEM32\dhcpcsvc6.DLL
0x00007ffb2d9d0000 - 0x00007ffb2d9ec000 	C:\Windows\SYSTEM32\dhcpcsvc.DLL
0x00007ffb33200000 - 0x00007ffb332c6000 	C:\Windows\SYSTEM32\DNSAPI.dll
0x00007ffb2ffe0000 - 0x00007ffb30004000 	C:\Program Files\Android\Android Studio\jre\jre\bin\sunec.dll
0x00007ffb2cc20000 - 0x00007ffb2cc2a000 	C:\Windows\System32\rasadhlp.dll
0x00007ffb2cfa0000 - 0x00007ffb2d019000 	C:\Windows\System32\fwpuclnt.dll
0x00007ffb30410000 - 0x00007ffb3041b000 	C:\Program Files\Android\Android Studio\jre\jre\bin\sunmscapi.dll
0x00007ffb34450000 - 0x00007ffb3462b000 	C:\Windows\System32\CRYPT32.dll
0x00007ffb33cb0000 - 0x00007ffb33cc2000 	C:\Windows\System32\MSASN1.dll

VM Arguments:
jvm_args: -Xmx1536m -Dfile.encoding=windows-1251 -Duser.country=RU -Duser.language=ru -Duser.variant 
java_command: org.gradle.launcher.daemon.bootstrap.GradleDaemon 5.4.1
java_class_path (initial): C:\Users\Home\.gradle\wrapper\dists\gradle-5.4.1-all\3221gyojl5jsh0helicew7rwx\gradle-5.4.1\lib\gradle-launcher-5.4.1.jar
Launcher Type: SUN_STANDARD

Environment Variables:
PATH=C:\Program Files (x86)\Common Files\Oracle\Java\javapath;C:\Windows\system32;C:\Windows;C:\Windows\System32\Wbem;C:\Windows\System32\WindowsPowerShell\v1.0\;C:\Windows\System32\OpenSSH\;C:\Users\Home\AppData\Local\Microsoft\WindowsApps;
USERNAME=Home
OS=Windows_NT
PROCESSOR_IDENTIFIER=Intel64 Family 6 Model 42 Stepping 7, GenuineIntel



---------------  S Y S T E M  ---------------

OS: Windows 10.0 , 64 bit Build 17763 (10.0.17763.475)

CPU:total 4 (initial active 4) (2 cores per cpu, 2 threads per core) family 6 model 42 stepping 7, cmov, cx8, fxsr, mmx, sse, sse2, sse3, ssse3, sse4.1, sse4.2, popcnt, avx, clmul, ht, tsc, tscinvbit

Memory: 4k page, physical 4026732k(404588k free), swap 4845932k(5420k free)

vm_info: OpenJDK 64-Bit Server VM (25.202-b03) for windows-amd64 JRE (1.8.0_202-release-1483-b03), built by "builder" with MS VC++ 10.0 (VS2010)

time: Sat Nov 02 16:38:18 2019
timezone: RTZ 2 (зима)
elapsed time: 5346 seconds (0d 1h 29m 6s)

