#
# There is insufficient memory for the Java Runtime Environment to continue.
# Native memory allocation (malloc) failed to allocate 65552 bytes for Chunk::new
# Possible reasons:
#   The system is out of physical RAM or swap space
#   The process is running with CompressedOops enabled, and the Java Heap may be blocking the growth of the native heap
# Possible solutions:
#   Reduce memory load on the system
#   Increase physical memory or swap space
#   Check if swap backing store is full
#   Decrease Java heap size (-Xmx/-Xms)
#   Decrease number of Java threads
#   Decrease Java thread stack sizes (-Xss)
#   Set larger code cache with -XX:ReservedCodeCacheSize=
#   JVM is running with Unscaled Compressed Oops mode in which the Java heap is
#     placed in the first 4GB address space. The Java Heap base address is the
#     maximum limit for the native heap growth. Please use -XX:HeapBaseMinAddress
#     to set the Java Heap base and to place the Java Heap above 4GB virtual address.
# This output file may be truncated or incomplete.
#
#  Out of Memory Error (allocation.cpp:389), pid=1648, tid=0x0000000000000dec
#
# JRE version: OpenJDK Runtime Environment (8.0_202-b03) (build 1.8.0_202-release-1483-b03)
# Java VM: OpenJDK 64-Bit Server VM (25.202-b03 mixed mode windows-amd64 compressed oops)
# Failed to write core dump. Minidumps are not enabled by default on client versions of Windows
#

---------------  T H R E A D  ---------------

Current thread (0x0000000016b84000):  JavaThread "C2 CompilerThread0" daemon [_thread_in_native, id=3564, stack(0x00000000181f0000,0x00000000182f0000)]

Stack: [0x00000000181f0000,0x00000000182f0000]
[error occurred during error reporting (printing stack bounds), id 0xc0000005]

Native frames: (J=compiled Java code, j=interpreted, Vv=VM code, C=native code)


Current CompileTask:
C2:  37590 12381 %     4       com.android.tools.r8.ir.regalloc.LinearScanRegisterAllocator::a @ 385 (972 bytes)


---------------  P R O C E S S  ---------------

Java Threads: ( => current thread )
  0x000000001c4aa000 JavaThread "WorkerExecutor Queue" [_thread_blocked, id=7032, stack(0x0000000024510000,0x0000000024610000)]
  0x0000000018539800 JavaThread "Cache worker for execution history cache (D:\MyMap\.gradle\5.4.1\executionHistory)" [_thread_blocked, id=5832, stack(0x0000000024210000,0x0000000024310000)]
  0x0000000018535000 JavaThread "Execution worker for ':' Thread 3" [_thread_in_Java, id=3860, stack(0x0000000024110000,0x0000000024210000)]
  0x0000000018538000 JavaThread "Execution worker for ':' Thread 2" [_thread_in_Java, id=3688, stack(0x0000000024010000,0x0000000024110000)]
  0x0000000018536000 JavaThread "Execution worker for ':'" [_thread_in_vm, id=6852, stack(0x0000000023f10000,0x0000000024010000)]
  0x0000000018534800 JavaThread "Cache worker for file content cache (D:\MyMap\.gradle\5.4.1\fileContent)" [_thread_blocked, id=1748, stack(0x0000000023810000,0x0000000023910000)]
  0x0000000018536800 JavaThread "Cache worker for file content cache (C:\Users\Home\.gradle\caches\5.4.1\fileContent)" [_thread_blocked, id=2468, stack(0x0000000023710000,0x0000000023810000)]
  0x0000000018537800 JavaThread "Memory manager" [_thread_blocked, id=6640, stack(0x00000000229d0000,0x0000000022ad0000)]
  0x0000000018530000 JavaThread "Cache worker for Build Output Cleanup Cache (D:\MyMap\.gradle\buildOutputCleanup)" [_thread_blocked, id=6224, stack(0x00000000228d0000,0x00000000229d0000)]
  0x000000001852d800 JavaThread "Build operations Thread 4" [_thread_blocked, id=4564, stack(0x0000000021160000,0x0000000021260000)]
  0x0000000018531800 JavaThread "Build operations Thread 3" [_thread_blocked, id=6456, stack(0x0000000021060000,0x0000000021160000)]
  0x0000000018532000 JavaThread "Build operations Thread 2" [_thread_blocked, id=3700, stack(0x0000000020f60000,0x0000000021060000)]
  0x000000001852a800 JavaThread "Build operations" [_thread_blocked, id=2084, stack(0x0000000020e60000,0x0000000020f60000)]
  0x000000001852c000 JavaThread "Cache worker for execution history cache (C:\Users\Home\.gradle\caches\5.4.1\executionHistory)" [_thread_blocked, id=4676, stack(0x0000000020d60000,0x0000000020e60000)]
  0x0000000018530800 JavaThread "Cache worker for cache directory md-rule (C:\Users\Home\.gradle\caches\5.4.1\md-rule)" [_thread_blocked, id=652, stack(0x0000000020c60000,0x0000000020d60000)]
  0x000000001852f000 JavaThread "Cache worker for cache directory md-supplier (C:\Users\Home\.gradle\caches\5.4.1\md-supplier)" [_thread_blocked, id=3620, stack(0x000000001f0b0000,0x000000001f1b0000)]
  0x0000000016ba1000 JavaThread "Cache worker for file hash cache (D:\MyMap\.gradle\5.4.1\fileHashes)" [_thread_blocked, id=6100, stack(0x000000001efb0000,0x000000001f0b0000)]
  0x0000000016ba0800 JavaThread "Cache worker for journal cache (C:\Users\Home\.gradle\caches\journal-1)" [_thread_blocked, id=2596, stack(0x000000001b770000,0x000000001b870000)]
  0x0000000016b9f000 JavaThread "File lock request listener" [_thread_in_native, id=2488, stack(0x000000001b670000,0x000000001b770000)]
  0x0000000016ba4000 JavaThread "Cache worker for file hash cache (C:\Users\Home\.gradle\caches\5.4.1\fileHashes)" [_thread_blocked, id=3920, stack(0x000000001b570000,0x000000001b670000)]
  0x0000000019f81800 JavaThread "Thread-9" [_thread_blocked, id=1404, stack(0x000000001b470000,0x000000001b570000)]
  0x0000000019f89800 JavaThread "Stdin handler" [_thread_blocked, id=2352, stack(0x000000001b370000,0x000000001b470000)]
  0x0000000019f88800 JavaThread "Asynchronous log dispatcher for DefaultDaemonConnection: socket connection from /127.0.0.1:50270 to /127.0.0.1:50271" [_thread_blocked, id=7164, stack(0x000000001b270000,0x000000001b370000)]
  0x0000000019e8a000 JavaThread "Daemon worker" [_thread_in_Java, id=3740, stack(0x000000001b170000,0x000000001b270000)]
  0x0000000019e89000 JavaThread "Cancel handler" [_thread_blocked, id=3056, stack(0x000000001b070000,0x000000001b170000)]
  0x0000000019e96800 JavaThread "Handler for socket connection from /127.0.0.1:50270 to /127.0.0.1:50271" [_thread_in_native, id=4472, stack(0x000000001ad70000,0x000000001ae70000)]
  0x0000000019e94000 JavaThread "Daemon" [_thread_blocked, id=6676, stack(0x000000001ac70000,0x000000001ad70000)]
  0x00000000199a7800 JavaThread "Daemon periodic checks" [_thread_blocked, id=3128, stack(0x000000001ab70000,0x000000001ac70000)]
  0x0000000019b68000 JavaThread "Incoming local TCP Connector on port 50270" [_thread_in_native, id=6468, stack(0x000000001a920000,0x000000001aa20000)]
  0x0000000019c34800 JavaThread "Daemon health stats" [_thread_blocked, id=6644, stack(0x000000001a2c0000,0x000000001a3c0000)]
  0x0000000016bde800 JavaThread "Service Thread" daemon [_thread_blocked, id=4040, stack(0x00000000188f0000,0x00000000189f0000)]
  0x0000000016b9e000 JavaThread "C1 CompilerThread2" daemon [_thread_blocked, id=6892, stack(0x00000000183f0000,0x00000000184f0000)]
  0x0000000016b8f800 JavaThread "C2 CompilerThread1" daemon [_thread_in_native, id=2960, stack(0x00000000182f0000,0x00000000183f0000)]
=>0x0000000016b84000 JavaThread "C2 CompilerThread0" daemon [_thread_in_native, id=3564, stack(0x00000000181f0000,0x00000000182f0000)]
  0x0000000016b83000 JavaThread "Attach Listener" daemon [_thread_blocked, id=3240, stack(0x00000000180f0000,0x00000000181f0000)]
  0x0000000016b82800 JavaThread "Signal Dispatcher" daemon [_thread_blocked, id=3052, stack(0x0000000017ff0000,0x00000000180f0000)]
  0x00000000031ed800 JavaThread "Finalizer" daemon [_thread_blocked, id=456, stack(0x0000000017df0000,0x0000000017ef0000)]
  0x0000000016b69800 JavaThread "Reference Handler" daemon [_thread_blocked, id=2552, stack(0x0000000017cf0000,0x0000000017df0000)]
  0x0000000000fbd800 JavaThread "main" [_thread_blocked, id=3276, stack(0x0000000002fc0000,0x00000000030c0000)]

Other Threads:
  0x0000000016b44800 VMThread [stack: 0x0000000017bf0000,0x0000000017cf0000] [id=6000]
  0x0000000018542800 WatcherThread [stack: 0x00000000189f0000,0x0000000018af0000] [id=3852]

VM state:not at safepoint (normal execution)

VM Mutex/Monitor currently owned by a thread: None

heap address: 0x00000000a0000000, size: 1536 MB, Compressed Oops mode: 32-bit
Narrow klass base: 0x0000000000000000, Narrow klass shift: 3
Compressed class space size: 1073741824 Address: 0x0000000100000000

Heap:
 PSYoungGen      total 330752K, used 262294K [0x00000000e0000000, 0x00000000fa200000, 0x0000000100000000)
  eden space 313856K, 80% used [0x00000000e0000000,0x00000000ef830550,0x00000000f3280000)
  from space 16896K, 48% used [0x00000000f4180000,0x00000000f4975570,0x00000000f5200000)
  to   space 15360K, 0% used [0x00000000f3280000,0x00000000f3280000,0x00000000f4180000)
 ParOldGen       total 80896K, used 59352K [0x00000000a0000000, 0x00000000a4f00000, 0x00000000e0000000)
  object space 80896K, 73% used [0x00000000a0000000,0x00000000a39f63e8,0x00000000a4f00000)
 Metaspace       used 71701K, capacity 74670K, committed 74776K, reserved 1114112K
  class space    used 9584K, capacity 10208K, committed 10280K, reserved 1048576K

Card table byte_map: [0x00000000125b0000,0x00000000128c0000] byte_map_base: 0x00000000120b0000

Marking Bits: (ParMarkBitMap*) 0x000000006a9e9f30
 Begin Bits: [0x0000000012ec0000, 0x00000000146c0000)
 End Bits:   [0x00000000146c0000, 0x0000000015ec0000)

Polling page: 0x0000000001330000

CodeCache: size=245760Kb used=39386Kb max_used=39386Kb free=206373Kb
 bounds [0x00000000031f0000, 0x0000000005890000, 0x00000000121f0000]
 total_blobs=11721 nmethods=10907 adapters=725
 compilation: enabled

Compilation events (10 events):
Event: 37.569 Thread 0x0000000016b9e000 nmethod 12457% 0x0000000005885f10 code [0x00000000058860c0, 0x00000000058867c8]
Event: 37.569 Thread 0x0000000016b9e000 12458       3       com.android.tools.r8.n.a.a.a.h.N::containsKey (80 bytes)
Event: 37.570 Thread 0x0000000016b9e000 nmethod 12458 0x000000000587a8d0 code [0x000000000587aa80, 0x000000000587b0c8]
Event: 37.575 Thread 0x0000000016b9e000 12459       2       com.android.tools.r8.graph.q::equals (37 bytes)
Event: 37.576 Thread 0x0000000016b9e000 nmethod 12459 0x0000000005871750 code [0x00000000058718c0, 0x0000000005871ae8]
Event: 37.577 Thread 0x0000000016b9e000 12460 %     3       com.android.tools.r8.n.a.a.a.h.H0::d @ 74 (326 bytes)
Event: 37.579 Thread 0x0000000016b9e000 nmethod 12460% 0x0000000005886ad0 code [0x0000000005886d20, 0x0000000005887cf8]
Event: 37.580 Thread 0x0000000016b9e000 12461       3       com.android.tools.r8.n.a.a.a.h.H0::d (326 bytes)
Event: 37.581 Thread 0x0000000016b9e000 nmethod 12461 0x0000000005888a10 code [0x0000000005888c40, 0x0000000005889958]
Event: 37.587 Thread 0x0000000016b9e000 12462       2       com.android.tools.r8.dex.c::a (228 bytes)

GC Heap History (10 events):
Event: 27.255 GC heap before
{Heap before GC invocations=21 (full 3):
 PSYoungGen      total 286720K, used 7452K [0x00000000e0000000, 0x00000000f5200000, 0x0000000100000000)
  eden space 269312K, 1% used [0x00000000e0000000,0x00000000e02c2f58,0x00000000f0700000)
  from space 17408K, 26% used [0x00000000f0700000,0x00000000f0b84130,0x00000000f1800000)
  to   space 16896K, 0% used [0x00000000f4180000,0x00000000f4180000,0x00000000f5200000)
 ParOldGen       total 80896K, used 42361K [0x00000000a0000000, 0x00000000a4f00000, 0x00000000e0000000)
  object space 80896K, 52% used [0x00000000a0000000,0x00000000a295e580,0x00000000a4f00000)
 Metaspace       used 71172K, capacity 74090K, committed 74264K, reserved 1114112K
  class space    used 9565K, capacity 10168K, committed 10280K, reserved 1048576K
Event: 27.265 GC heap after
Heap after GC invocations=21 (full 3):
 PSYoungGen      total 329728K, used 4601K [0x00000000e0000000, 0x00000000f8080000, 0x0000000100000000)
  eden space 312832K, 0% used [0x00000000e0000000,0x00000000e0000000,0x00000000f3180000)
  from space 16896K, 27% used [0x00000000f4180000,0x00000000f45fe4f0,0x00000000f5200000)
  to   space 16384K, 0% used [0x00000000f3180000,0x00000000f3180000,0x00000000f4180000)
 ParOldGen       total 80896K, used 42369K [0x00000000a0000000, 0x00000000a4f00000, 0x00000000e0000000)
  object space 80896K, 52% used [0x00000000a0000000,0x00000000a2960580,0x00000000a4f00000)
 Metaspace       used 71172K, capacity 74090K, committed 74264K, reserved 1114112K
  class space    used 9565K, capacity 10168K, committed 10280K, reserved 1048576K
}
Event: 29.744 GC heap before
{Heap before GC invocations=22 (full 3):
 PSYoungGen      total 329728K, used 317433K [0x00000000e0000000, 0x00000000f8080000, 0x0000000100000000)
  eden space 312832K, 100% used [0x00000000e0000000,0x00000000f3180000,0x00000000f3180000)
  from space 16896K, 27% used [0x00000000f4180000,0x00000000f45fe4f0,0x00000000f5200000)
  to   space 16384K, 0% used [0x00000000f3180000,0x00000000f3180000,0x00000000f4180000)
 ParOldGen       total 80896K, used 42369K [0x00000000a0000000, 0x00000000a4f00000, 0x00000000e0000000)
  object space 80896K, 52% used [0x00000000a0000000,0x00000000a2960580,0x00000000a4f00000)
 Metaspace       used 71471K, capacity 74510K, committed 74776K, reserved 1114112K
  class space    used 9581K, capacity 10204K, committed 10280K, reserved 1048576K
Event: 29.771 GC heap after
Heap after GC invocations=22 (full 3):
 PSYoungGen      total 329216K, used 9934K [0x00000000e0000000, 0x00000000f8080000, 0x0000000100000000)
  eden space 312832K, 0% used [0x00000000e0000000,0x00000000e0000000,0x00000000f3180000)
  from space 16384K, 60% used [0x00000000f3180000,0x00000000f3b33820,0x00000000f4180000)
  to   space 16896K, 0% used [0x00000000f4180000,0x00000000f4180000,0x00000000f5200000)
 ParOldGen       total 80896K, used 44378K [0x00000000a0000000, 0x00000000a4f00000, 0x00000000e0000000)
  object space 80896K, 54% used [0x00000000a0000000,0x00000000a2b56bb0,0x00000000a4f00000)
 Metaspace       used 71471K, capacity 74510K, committed 74776K, reserved 1114112K
  class space    used 9581K, capacity 10204K, committed 10280K, reserved 1048576K
}
Event: 31.791 GC heap before
{Heap before GC invocations=23 (full 3):
 PSYoungGen      total 329216K, used 322766K [0x00000000e0000000, 0x00000000f8080000, 0x0000000100000000)
  eden space 312832K, 100% used [0x00000000e0000000,0x00000000f3180000,0x00000000f3180000)
  from space 16384K, 60% used [0x00000000f3180000,0x00000000f3b33820,0x00000000f4180000)
  to   space 16896K, 0% used [0x00000000f4180000,0x00000000f4180000,0x00000000f5200000)
 ParOldGen       total 80896K, used 44378K [0x00000000a0000000, 0x00000000a4f00000, 0x00000000e0000000)
  object space 80896K, 54% used [0x00000000a0000000,0x00000000a2b56bb0,0x00000000a4f00000)
 Metaspace       used 71560K, capacity 74582K, committed 74776K, reserved 1114112K
  class space    used 9581K, capacity 10204K, committed 10280K, reserved 1048576K
Event: 31.852 GC heap after
Heap after GC invocations=23 (full 3):
 PSYoungGen      total 329728K, used 7911K [0x00000000e0000000, 0x00000000f8080000, 0x0000000100000000)
  eden space 312832K, 0% used [0x00000000e0000000,0x00000000e0000000,0x00000000f3180000)
  from space 16896K, 46% used [0x00000000f4180000,0x00000000f4939d30,0x00000000f5200000)
  to   space 16384K, 0% used [0x00000000f3180000,0x00000000f3180000,0x00000000f4180000)
 ParOldGen       total 80896K, used 51711K [0x00000000a0000000, 0x00000000a4f00000, 0x00000000e0000000)
  object space 80896K, 63% used [0x00000000a0000000,0x00000000a327fd28,0x00000000a4f00000)
 Metaspace       used 71560K, capacity 74582K, committed 74776K, reserved 1114112K
  class space    used 9581K, capacity 10204K, committed 10280K, reserved 1048576K
}
Event: 34.312 GC heap before
{Heap before GC invocations=24 (full 3):
 PSYoungGen      total 329728K, used 320743K [0x00000000e0000000, 0x00000000f8080000, 0x0000000100000000)
  eden space 312832K, 100% used [0x00000000e0000000,0x00000000f3180000,0x00000000f3180000)
  from space 16896K, 46% used [0x00000000f4180000,0x00000000f4939d30,0x00000000f5200000)
  to   space 16384K, 0% used [0x00000000f3180000,0x00000000f3180000,0x00000000f4180000)
 ParOldGen       total 80896K, used 51711K [0x00000000a0000000, 0x00000000a4f00000, 0x00000000e0000000)
  object space 80896K, 63% used [0x00000000a0000000,0x00000000a327fd28,0x00000000a4f00000)
 Metaspace       used 71671K, capacity 74658K, committed 74776K, reserved 1114112K
  class space    used 9583K, capacity 10208K, committed 10280K, reserved 1048576K
Event: 34.335 GC heap after
Heap after GC invocations=24 (full 3):
 PSYoungGen      total 329216K, used 4283K [0x00000000e0000000, 0x00000000f8080000, 0x0000000100000000)
  eden space 312832K, 0% used [0x00000000e0000000,0x00000000e0000000,0x00000000f3180000)
  from space 16384K, 26% used [0x00000000f3180000,0x00000000f35aef08,0x00000000f4180000)
  to   space 16896K, 0% used [0x00000000f4180000,0x00000000f4180000,0x00000000f5200000)
 ParOldGen       total 80896K, used 56528K [0x00000000a0000000, 0x00000000a4f00000, 0x00000000e0000000)
  object space 80896K, 69% used [0x00000000a0000000,0x00000000a37340e8,0x00000000a4f00000)
 Metaspace       used 71671K, capacity 74658K, committed 74776K, reserved 1114112K
  class space    used 9583K, capacity 10208K, committed 10280K, reserved 1048576K
}
Event: 36.102 GC heap before
{Heap before GC invocations=25 (full 3):
 PSYoungGen      total 329216K, used 317115K [0x00000000e0000000, 0x00000000f8080000, 0x0000000100000000)
  eden space 312832K, 100% used [0x00000000e0000000,0x00000000f3180000,0x00000000f3180000)
  from space 16384K, 26% used [0x00000000f3180000,0x00000000f35aef08,0x00000000f4180000)
  to   space 16896K, 0% used [0x00000000f4180000,0x00000000f4180000,0x00000000f5200000)
 ParOldGen       total 80896K, used 56528K [0x00000000a0000000, 0x00000000a4f00000, 0x00000000e0000000)
  object space 80896K, 69% used [0x00000000a0000000,0x00000000a37340e8,0x00000000a4f00000)
 Metaspace       used 71680K, capacity 74666K, committed 74776K, reserved 1114112K
  class space    used 9583K, capacity 10208K, committed 10280K, reserved 1048576K
Event: 36.136 GC heap after
Heap after GC invocations=25 (full 3):
 PSYoungGen      total 330752K, used 8149K [0x00000000e0000000, 0x00000000fa200000, 0x0000000100000000)
  eden space 313856K, 0% used [0x00000000e0000000,0x00000000e0000000,0x00000000f3280000)
  from space 16896K, 48% used [0x00000000f4180000,0x00000000f4975570,0x00000000f5200000)
  to   space 15360K, 0% used [0x00000000f3280000,0x00000000f3280000,0x00000000f4180000)
 ParOldGen       total 80896K, used 59352K [0x00000000a0000000, 0x00000000a4f00000, 0x00000000e0000000)
  object space 80896K, 73% used [0x00000000a0000000,0x00000000a39f63e8,0x00000000a4f00000)
 Metaspace       used 71680K, capacity 74666K, committed 74776K, reserved 1114112K
  class space    used 9583K, capacity 10208K, committed 10280K, reserved 1048576K
}

Deoptimization events (10 events):
Event: 29.936 Thread 0x0000000019e8a000 Uncommon trap: reason=class_check action=maybe_recompile pc=0x0000000004ac0adc method=com.android.tools.r8.ir.conversion.U.a(Lcom/android/tools/r8/ir/conversion/T;)Z @ 4
Event: 30.748 Thread 0x0000000018538000 Uncommon trap: reason=unstable_if action=reinterpret pc=0x00000000047cae80 method=java.util.concurrent.ConcurrentHashMap.computeIfAbsent(Ljava/lang/Object;Ljava/util/function/Function;)Ljava/lang/Object; @ 281
Event: 33.190 Thread 0x0000000018538000 Uncommon trap: reason=bimorphic action=maybe_recompile pc=0x0000000004a6c1b4 method=com.android.tools.r8.ir.code.ValueType.a(Lcom/android/tools/r8/ir/analysis/type/TypeLatticeElement;)Lcom/android/tools/r8/ir/code/ValueType; @ 23
Event: 33.190 Thread 0x0000000018538000 Uncommon trap: reason=bimorphic action=maybe_recompile pc=0x00000000049ce31c method=com.android.tools.r8.ir.code.ValueType.a(Lcom/android/tools/r8/ir/analysis/type/TypeLatticeElement;)Lcom/android/tools/r8/ir/code/ValueType; @ 23
Event: 34.364 Thread 0x00000000031ed800 Uncommon trap: reason=unstable_if action=reinterpret pc=0x0000000003d99d38 method=java.util.WeakHashMap.expungeStaleEntries()V @ 53
Event: 36.664 Thread 0x0000000019e8a000 Uncommon trap: reason=unstable_if action=reinterpret pc=0x000000000577c9f4 method=com.android.tools.r8.ir.regalloc.LinearScanRegisterAllocator.a(Lcom/android/tools/r8/m/a/a/b/d0;Ljava/util/List;Lcom/android/tools/r8/ir/regalloc/RegisterAllocator;Ljava/uti
Event: 37.062 Thread 0x0000000019e8a000 Uncommon trap: reason=unstable_if action=reinterpret pc=0x0000000005675554 method=com.android.tools.r8.ir.regalloc.LinearScanRegisterAllocator.a(Lcom/android/tools/r8/ir/regalloc/LinearScanRegisterAllocator$a;Z)Lcom/android/tools/r8/ir/regalloc/LinearScan
Event: 37.212 Thread 0x0000000018535000 Uncommon trap: reason=unstable_if action=reinterpret pc=0x00000000055b0c5c method=com.android.tools.r8.n.a.a.a.g.B0$e.contains(Ljava/lang/Object;)Z @ 176
Event: 37.464 Thread 0x0000000018536000 Uncommon trap: reason=unstable_if action=reinterpret pc=0x0000000004887748 method=com.android.tools.r8.graph.DexString.slowCompareTo(Lcom/android/tools/r8/graph/DexString;)I @ 141
Event: 37.527 Thread 0x0000000019e8a000 Uncommon trap: reason=unstable_if action=reinterpret pc=0x000000000557e198 method=com.android.tools.r8.ir.optimize.CodeRewriter.e(Lcom/android/tools/r8/ir/code/Instruction;)Z @ 27

Classes redefined (0 events):
No events

Internal exceptions (10 events):
Event: 32.116 Thread 0x0000000018535000 Exception <a 'sun/nio/fs/WindowsException'> (0x00000000e265af48) thrown at [D:\src\AOSP-openjdk-cygwin\jdk8u\hotspot\src\share\vm\prims\jni.cpp, line 710]
Event: 33.012 Thread 0x0000000018535000 Exception <a 'sun/nio/fs/WindowsException'> (0x00000000e26dbcd0) thrown at [D:\src\AOSP-openjdk-cygwin\jdk8u\hotspot\src\share\vm\prims\jni.cpp, line 710]
Event: 33.038 Thread 0x0000000018535000 Exception <a 'sun/nio/fs/WindowsException'> (0x00000000ea60f2b0) thrown at [D:\src\AOSP-openjdk-cygwin\jdk8u\hotspot\src\share\vm\prims\jni.cpp, line 710]
Event: 33.888 Thread 0x0000000018538000 Exception <a 'sun/nio/fs/WindowsException'> (0x00000000ef2660a8) thrown at [D:\src\AOSP-openjdk-cygwin\jdk8u\hotspot\src\share\vm\prims\jni.cpp, line 710]
Event: 34.000 Thread 0x0000000018535000 Exception <a 'sun/nio/fs/WindowsException'> (0x00000000ef46d8b8) thrown at [D:\src\AOSP-openjdk-cygwin\jdk8u\hotspot\src\share\vm\prims\jni.cpp, line 710]
Event: 34.222 Thread 0x0000000018535000 Exception <a 'sun/nio/fs/WindowsException'> (0x00000000f1e91750) thrown at [D:\src\AOSP-openjdk-cygwin\jdk8u\hotspot\src\share\vm\prims\jni.cpp, line 710]
Event: 34.640 Thread 0x0000000018535000 Exception <a 'sun/nio/fs/WindowsException'> (0x00000000e344c290) thrown at [D:\src\AOSP-openjdk-cygwin\jdk8u\hotspot\src\share\vm\prims\jni.cpp, line 710]
Event: 35.061 Thread 0x0000000018538000 Exception <a 'sun/nio/fs/WindowsException'> (0x00000000e7f35dd0) thrown at [D:\src\AOSP-openjdk-cygwin\jdk8u\hotspot\src\share\vm\prims\jni.cpp, line 710]
Event: 35.531 Thread 0x0000000018535000 Exception <a 'sun/nio/fs/WindowsException'> (0x00000000ed674db8) thrown at [D:\src\AOSP-openjdk-cygwin\jdk8u\hotspot\src\share\vm\prims\jni.cpp, line 710]
Event: 37.031 Thread 0x0000000018535000 Exception <a 'sun/nio/fs/WindowsException'> (0x00000000e9b41e78) thrown at [D:\src\AOSP-openjdk-cygwin\jdk8u\hotspot\src\share\vm\prims\jni.cpp, line 710]

Events (10 events):
Event: 37.566 Thread 0x0000000018536000 DEOPT PACKING pc=0x0000000004cdb675 sp=0x000000002400ad60
Event: 37.566 Thread 0x0000000018536000 DEOPT UNPACKING pc=0x00000000032375d0 sp=0x000000002400aaf8 mode 0
Event: 37.570 Thread 0x0000000018536000 DEOPT PACKING pc=0x0000000004e895bc sp=0x000000002400aee0
Event: 37.570 Thread 0x0000000018536000 DEOPT UNPACKING pc=0x00000000032375d0 sp=0x000000002400ac20 mode 0
Event: 37.579 Thread 0x0000000018535000 DEOPT PACKING pc=0x0000000004e9497d sp=0x000000002420a990
Event: 37.579 Thread 0x0000000018535000 DEOPT UNPACKING pc=0x00000000032375d0 sp=0x000000002420a850 mode 0
Event: 37.580 Thread 0x0000000018535000 DEOPT PACKING pc=0x0000000005823eb6 sp=0x000000002420a820
Event: 37.580 Thread 0x0000000018535000 DEOPT UNPACKING pc=0x00000000032375d0 sp=0x000000002420a830 mode 0
Event: 37.581 Thread 0x0000000018536000 DEOPT PACKING pc=0x00000000047e1aa9 sp=0x000000002400b130
Event: 37.581 Thread 0x0000000018536000 DEOPT UNPACKING pc=0x00000000032375d0 sp=0x000000002400af10 mode 0


Dynamic libraries:
0x00007ff6c6a70000 - 0x00007ff6c6aa1000 	C:\Program Files\Android\Android Studio\jre\bin\java.exe
0x00007ffe32090000 - 0x00007ffe3227d000 	C:\Windows\SYSTEM32\ntdll.dll
0x00007ffe2f730000 - 0x00007ffe2f7e3000 	C:\Windows\System32\KERNEL32.DLL
0x00007ffe2e260000 - 0x00007ffe2e4f3000 	C:\Windows\System32\KERNELBASE.dll
0x00007ffe2f360000 - 0x00007ffe2f403000 	C:\Windows\System32\ADVAPI32.dll
0x00007ffe2f690000 - 0x00007ffe2f72e000 	C:\Windows\System32\msvcrt.dll
0x00007ffe2f7f0000 - 0x00007ffe2f88e000 	C:\Windows\System32\sechost.dll
0x00007ffe31f30000 - 0x00007ffe32052000 	C:\Windows\System32\RPCRT4.dll
0x00007ffe2fd40000 - 0x00007ffe2fed7000 	C:\Windows\System32\USER32.dll
0x00007ffe2eac0000 - 0x00007ffe2eae0000 	C:\Windows\System32\win32u.dll
0x00007ffe2f890000 - 0x00007ffe2f8b9000 	C:\Windows\System32\GDI32.dll
0x00007ffe2e820000 - 0x00007ffe2e9b9000 	C:\Windows\System32\gdi32full.dll
0x00007ffe2e6e0000 - 0x00007ffe2e780000 	C:\Windows\System32\msvcp_win.dll
0x00007ffe2e9c0000 - 0x00007ffe2eaba000 	C:\Windows\System32\ucrtbase.dll
0x00007ffe1e1f0000 - 0x00007ffe1e469000 	C:\Windows\WinSxS\amd64_microsoft.windows.common-controls_6595b64144ccf1df_6.0.17763.802_none_05b1445c0722d2cc\COMCTL32.dll
0x00007ffe30100000 - 0x00007ffe3042c000 	C:\Windows\System32\combase.dll
0x00007ffe2e7a0000 - 0x00007ffe2e81e000 	C:\Windows\System32\bcryptPrimitives.dll
0x00007ffe2f2b0000 - 0x00007ffe2f2de000 	C:\Windows\System32\IMM32.DLL
0x000000006a060000 - 0x000000006a132000 	C:\Program Files\Android\Android Studio\jre\jre\bin\msvcr100.dll
0x000000006a220000 - 0x000000006aa66000 	C:\Program Files\Android\Android Studio\jre\jre\bin\server\jvm.dll
0x00007ffe31f20000 - 0x00007ffe31f28000 	C:\Windows\System32\PSAPI.DLL
0x00007ffe23a10000 - 0x00007ffe23a1a000 	C:\Windows\SYSTEM32\VERSION.dll
0x00007ffe2bcc0000 - 0x00007ffe2bce4000 	C:\Windows\SYSTEM32\WINMM.dll
0x00007ffe2abb0000 - 0x00007ffe2abb9000 	C:\Windows\SYSTEM32\WSOCK32.dll
0x00007ffe31a60000 - 0x00007ffe31acd000 	C:\Windows\System32\WS2_32.dll
0x00007ffe2bc90000 - 0x00007ffe2bcbd000 	C:\Windows\SYSTEM32\WINMMBASE.dll
0x00007ffe2f230000 - 0x00007ffe2f27a000 	C:\Windows\System32\cfgmgr32.dll
0x00007ffe2aba0000 - 0x00007ffe2abaf000 	C:\Program Files\Android\Android Studio\jre\jre\bin\verify.dll
0x00007ffe2ab70000 - 0x00007ffe2ab99000 	C:\Program Files\Android\Android Studio\jre\jre\bin\java.dll
0x00007ffe2ab50000 - 0x00007ffe2ab66000 	C:\Program Files\Android\Android Studio\jre\jre\bin\zip.dll
0x00007ffe30540000 - 0x00007ffe31a34000 	C:\Windows\System32\SHELL32.dll
0x00007ffe30430000 - 0x00007ffe304d8000 	C:\Windows\System32\shcore.dll
0x00007ffe2eae0000 - 0x00007ffe2f22d000 	C:\Windows\System32\windows.storage.dll
0x00007ffe2e080000 - 0x00007ffe2e0a4000 	C:\Windows\System32\profapi.dll
0x00007ffe2e0b0000 - 0x00007ffe2e10d000 	C:\Windows\System32\powrprof.dll
0x00007ffe2ff40000 - 0x00007ffe2ff92000 	C:\Windows\System32\shlwapi.dll
0x00007ffe2e130000 - 0x00007ffe2e141000 	C:\Windows\System32\kernel.appcore.dll
0x00007ffe2e780000 - 0x00007ffe2e797000 	C:\Windows\System32\cryptsp.dll
0x00007ffe2ab30000 - 0x00007ffe2ab4a000 	C:\Program Files\Android\Android Studio\jre\jre\bin\net.dll
0x00007ffe2d890000 - 0x00007ffe2d8f7000 	C:\Windows\system32\mswsock.dll
0x00007ffe2ab10000 - 0x00007ffe2ab21000 	C:\Program Files\Android\Android Studio\jre\jre\bin\nio.dll
0x00007ffe1c070000 - 0x00007ffe1c096000 	C:\Users\Home\.gradle\native\29\windows-amd64\native-platform.dll
0x00007ffe2ab00000 - 0x00007ffe2ab0d000 	C:\Program Files\Android\Android Studio\jre\jre\bin\management.dll
0x00007ffe2d410000 - 0x00007ffe2d443000 	C:\Windows\system32\rsaenh.dll
0x00007ffe2f280000 - 0x00007ffe2f2a6000 	C:\Windows\System32\bcrypt.dll
0x00007ffe2df80000 - 0x00007ffe2dfa8000 	C:\Windows\SYSTEM32\USERENV.dll
0x00007ffe2da60000 - 0x00007ffe2da6c000 	C:\Windows\SYSTEM32\CRYPTBASE.dll
0x00007ffe2d5b0000 - 0x00007ffe2d5ed000 	C:\Windows\SYSTEM32\IPHLPAPI.DLL
0x00007ffe2f410000 - 0x00007ffe2f418000 	C:\Windows\System32\NSI.dll
0x00007ffe284d0000 - 0x00007ffe284e6000 	C:\Windows\SYSTEM32\dhcpcsvc6.DLL
0x00007ffe27f80000 - 0x00007ffe27f9c000 	C:\Windows\SYSTEM32\dhcpcsvc.DLL
0x00007ffe2d5f0000 - 0x00007ffe2d6b6000 	C:\Windows\SYSTEM32\DNSAPI.dll

VM Arguments:
jvm_args: -Xmx1536m -Dfile.encoding=windows-1251 -Duser.country=RU -Duser.language=ru -Duser.variant 
java_command: org.gradle.launcher.daemon.bootstrap.GradleDaemon 5.4.1
java_class_path (initial): C:\Users\Home\.gradle\wrapper\dists\gradle-5.4.1-all\3221gyojl5jsh0helicew7rwx\gradle-5.4.1\lib\gradle-launcher-5.4.1.jar
Launcher Type: SUN_STANDARD

Environment Variables:
PATH=C:\Program Files (x86)\Common Files\Oracle\Java\javapath;C:\Windows\system32;C:\Windows;C:\Windows\System32\Wbem;C:\Windows\System32\WindowsPowerShell\v1.0\;C:\Windows\System32\OpenSSH\;C:\Users\Home\AppData\Local\Microsoft\WindowsApps;
USERNAME=Home
OS=Windows_NT
PROCESSOR_IDENTIFIER=Intel64 Family 6 Model 42 Stepping 7, GenuineIntel



---------------  S Y S T E M  ---------------

OS: Windows 10.0 , 64 bit Build 17763 (10.0.17763.475)

CPU:total 4 (initial active 4) (2 cores per cpu, 2 threads per core) family 6 model 42 stepping 7, cmov, cx8, fxsr, mmx, sse, sse2, sse3, ssse3, sse4.1, sse4.2, popcnt, avx, clmul, ht, tsc, tscinvbit

Memory: 4k page, physical 4026732k(455152k free), swap 4845932k(4460k free)

vm_info: OpenJDK 64-Bit Server VM (25.202-b03) for windows-amd64 JRE (1.8.0_202-release-1483-b03), built by "builder" with MS VC++ 10.0 (VS2010)

time: Sun Oct 27 16:24:15 2019
timezone: RTZ 2 (зима)
elapsed time: 37 seconds (0d 0h 0m 37s)

