#
# There is insufficient memory for the Java Runtime Environment to continue.
# Native memory allocation (malloc) failed to allocate 1487696 bytes for Chunk::new
# Possible reasons:
#   The system is out of physical RAM or swap space
#   The process is running with CompressedOops enabled, and the Java Heap may be blocking the growth of the native heap
# Possible solutions:
#   Reduce memory load on the system
#   Increase physical memory or swap space
#   Check if swap backing store is full
#   Decrease Java heap size (-Xmx/-Xms)
#   Decrease number of Java threads
#   Decrease Java thread stack sizes (-Xss)
#   Set larger code cache with -XX:ReservedCodeCacheSize=
#   JVM is running with Unscaled Compressed Oops mode in which the Java heap is
#     placed in the first 4GB address space. The Java Heap base address is the
#     maximum limit for the native heap growth. Please use -XX:HeapBaseMinAddress
#     to set the Java Heap base and to place the Java Heap above 4GB virtual address.
# This output file may be truncated or incomplete.
#
#  Out of Memory Error (allocation.cpp:389), pid=5708, tid=0x000000000000122c
#
# JRE version: OpenJDK Runtime Environment (8.0_202-b03) (build 1.8.0_202-release-1483-b03)
# Java VM: OpenJDK 64-Bit Server VM (25.202-b03 mixed mode windows-amd64 compressed oops)
# Failed to write core dump. Minidumps are not enabled by default on client versions of Windows
#

---------------  T H R E A D  ---------------

Current thread (0x00000000162b3000):  JavaThread "C2 CompilerThread1" daemon [_thread_in_native, id=4652, stack(0x0000000017a20000,0x0000000017b20000)]

Stack: [0x0000000017a20000,0x0000000017b20000]
[error occurred during error reporting (printing stack bounds), id 0xc0000005]

Native frames: (J=compiled Java code, j=interpreted, Vv=VM code, C=native code)


Current CompileTask:
C2:  29773 11806 %     4       com.android.tools.r8.ir.regalloc.LinearScanRegisterAllocator::a @ 1334 (3743 bytes)


---------------  P R O C E S S  ---------------

Java Threads: ( => current thread )
  0x000000001eeda000 JavaThread "WorkerExecutor Queue Thread 5" [_thread_blocked, id=3724, stack(0x0000000024910000,0x0000000024a10000)]
  0x000000001eedd000 JavaThread "WorkerExecutor Queue Thread 4" [_thread_blocked, id=6752, stack(0x0000000024810000,0x0000000024910000)]
  0x000000001eed7000 JavaThread "WorkerExecutor Queue Thread 3" [_thread_blocked, id=3924, stack(0x0000000024710000,0x0000000024810000)]
  0x000000001eed9000 JavaThread "stdout" [_thread_in_native, id=1712, stack(0x0000000024410000,0x0000000024510000)]
  0x000000001eed8800 JavaThread "stderr" [_thread_in_native, id=5544, stack(0x0000000024310000,0x0000000024410000)]
  0x000000001eed7800 JavaThread "pool-2-thread-1" [_thread_blocked, id=3440, stack(0x0000000024210000,0x0000000024310000)]
  0x000000001eeda800 JavaThread "WorkerExecutor Queue" [_thread_blocked, id=6880, stack(0x0000000023ef0000,0x0000000023ff0000)]
  0x000000001eed4800 JavaThread "Cache worker for execution history cache (D:\MyMap\.gradle\5.4.1\executionHistory)" [_thread_blocked, id=3688, stack(0x0000000023bf0000,0x0000000023cf0000)]
  0x000000001cca5800 JavaThread "Execution worker for ':' Thread 3" [_thread_in_Java, id=3088, stack(0x0000000023af0000,0x0000000023bf0000)]
  0x000000001cca7800 JavaThread "Execution worker for ':' Thread 2" [_thread_in_Java, id=6328, stack(0x00000000239f0000,0x0000000023af0000)]
  0x000000001cca8800 JavaThread "Execution worker for ':'" [_thread_in_native, id=6140, stack(0x0000000023690000,0x0000000023790000)]
  0x000000001cca6000 JavaThread "Cache worker for file content cache (D:\MyMap\.gradle\5.4.1\fileContent)" [_thread_blocked, id=3128, stack(0x0000000023190000,0x0000000023290000)]
  0x000000001cca4000 JavaThread "Cache worker for file content cache (C:\Users\Home\.gradle\caches\5.4.1\fileContent)" [_thread_blocked, id=1356, stack(0x0000000023090000,0x0000000023190000)]
  0x000000001cca9000 JavaThread "Memory manager" [_thread_blocked, id=872, stack(0x0000000022cb0000,0x0000000022db0000)]
  0x000000001cca0000 JavaThread "Cache worker for Build Output Cleanup Cache (D:\MyMap\.gradle\buildOutputCleanup)" [_thread_in_native, id=4628, stack(0x0000000021d80000,0x0000000021e80000)]
  0x000000001cc9e800 JavaThread "Build operations Thread 4" [_thread_blocked, id=2980, stack(0x0000000021a80000,0x0000000021b80000)]
  0x000000001cc9f000 JavaThread "Build operations Thread 3" [_thread_blocked, id=4244, stack(0x0000000021980000,0x0000000021a80000)]
  0x000000001cca3000 JavaThread "Build operations Thread 2" [_thread_blocked, id=1748, stack(0x0000000021880000,0x0000000021980000)]
  0x000000001cc9d800 JavaThread "Build operations" [_thread_blocked, id=2748, stack(0x0000000021780000,0x0000000021880000)]
  0x000000001cc9a000 JavaThread "Cache worker for execution history cache (C:\Users\Home\.gradle\caches\5.4.1\executionHistory)" [_thread_blocked, id=6708, stack(0x0000000021480000,0x0000000021580000)]
  0x000000001cc9d000 JavaThread "Cache worker for cache directory md-rule (C:\Users\Home\.gradle\caches\5.4.1\md-rule)" [_thread_blocked, id=6984, stack(0x0000000021380000,0x0000000021480000)]
  0x000000001cca1000 JavaThread "Cache worker for cache directory md-supplier (C:\Users\Home\.gradle\caches\5.4.1\md-supplier)" [_thread_blocked, id=5472, stack(0x000000001ebb0000,0x000000001ecb0000)]
  0x00000000162d2800 JavaThread "Cache worker for file hash cache (D:\MyMap\.gradle\5.4.1\fileHashes)" [_thread_blocked, id=4400, stack(0x000000001e6b0000,0x000000001e7b0000)]
  0x00000000162cf800 JavaThread "Cache worker for journal cache (C:\Users\Home\.gradle\caches\journal-1)" [_thread_blocked, id=5196, stack(0x000000001ae80000,0x000000001af80000)]
  0x00000000162d1800 JavaThread "File lock request listener" [_thread_in_native, id=3360, stack(0x000000001ad80000,0x000000001ae80000)]
  0x00000000162d3000 JavaThread "Cache worker for file hash cache (C:\Users\Home\.gradle\caches\5.4.1\fileHashes)" [_thread_blocked, id=5108, stack(0x000000001ac80000,0x000000001ad80000)]
  0x0000000019411000 JavaThread "Thread-9" [_thread_blocked, id=6348, stack(0x000000001ab80000,0x000000001ac80000)]
  0x00000000192c3000 JavaThread "Stdin handler" [_thread_blocked, id=632, stack(0x000000001aa80000,0x000000001ab80000)]
  0x00000000192ae000 JavaThread "Asynchronous log dispatcher for DefaultDaemonConnection: socket connection from /127.0.0.1:50343 to /127.0.0.1:50344" [_thread_blocked, id=2024, stack(0x000000001a980000,0x000000001aa80000)]
  0x0000000019415000 JavaThread "Daemon worker" [_thread_in_native, id=6224, stack(0x000000001a880000,0x000000001a980000)]
  0x000000001940c800 JavaThread "Cancel handler" [_thread_blocked, id=460, stack(0x000000001a780000,0x000000001a880000)]
  0x0000000019688000 JavaThread "Handler for socket connection from /127.0.0.1:50343 to /127.0.0.1:50344" [_thread_in_native, id=1648, stack(0x000000001a480000,0x000000001a580000)]
  0x0000000019685800 JavaThread "Daemon" [_thread_blocked, id=4508, stack(0x000000001a380000,0x000000001a480000)]
  0x000000001918d000 JavaThread "Daemon periodic checks" [_thread_blocked, id=5624, stack(0x000000001a280000,0x000000001a380000)]
  0x000000001917e800 JavaThread "Incoming local TCP Connector on port 50343" [_thread_in_native, id=4724, stack(0x000000001a030000,0x000000001a130000)]
  0x000000001944a000 JavaThread "Daemon health stats" [_thread_blocked, id=2100, stack(0x00000000199f0000,0x0000000019af0000)]
  0x0000000017c61800 JavaThread "Service Thread" daemon [_thread_blocked, id=7148, stack(0x0000000018020000,0x0000000018120000)]
  0x00000000162ce800 JavaThread "C1 CompilerThread2" daemon [_thread_blocked, id=5212, stack(0x0000000017b20000,0x0000000017c20000)]
=>0x00000000162b3000 JavaThread "C2 CompilerThread1" daemon [_thread_in_native, id=4652, stack(0x0000000017a20000,0x0000000017b20000)]
  0x00000000162b1800 JavaThread "C2 CompilerThread0" daemon [_thread_in_native, id=6856, stack(0x0000000017920000,0x0000000017a20000)]
  0x00000000162b0000 JavaThread "Attach Listener" daemon [_thread_blocked, id=3356, stack(0x0000000017820000,0x0000000017920000)]
  0x00000000162b6800 JavaThread "Signal Dispatcher" daemon [_thread_blocked, id=4112, stack(0x0000000017720000,0x0000000017820000)]
  0x000000000293a800 JavaThread "Finalizer" daemon [_thread_blocked, id=4176, stack(0x0000000017520000,0x0000000017620000)]
  0x0000000016299000 JavaThread "Reference Handler" daemon [_thread_blocked, id=4564, stack(0x0000000017420000,0x0000000017520000)]
  0x000000000271d800 JavaThread "main" [_thread_blocked, id=1012, stack(0x0000000002740000,0x0000000002840000)]

Other Threads:
  0x0000000016274800 VMThread [stack: 0x0000000017320000,0x0000000017420000] [id=7080]
  0x000000001630e800 WatcherThread [stack: 0x0000000018120000,0x0000000018220000] [id=1068]

VM state:not at safepoint (normal execution)

VM Mutex/Monitor currently owned by a thread: None

heap address: 0x00000000a0000000, size: 1536 MB, Compressed Oops mode: 32-bit
Narrow klass base: 0x0000000000000000, Narrow klass shift: 3
Compressed class space size: 1073741824 Address: 0x0000000100000000

Heap:
 PSYoungGen      total 250880K, used 215432K [0x00000000e0000000, 0x00000000f1d80000, 0x0000000100000000)
  eden space 218624K, 86% used [0x00000000e0000000,0x00000000eb7a2858,0x00000000ed580000)
  from space 32256K, 84% used [0x00000000ed580000,0x00000000ef03fa10,0x00000000ef500000)
  to   space 29696K, 0% used [0x00000000ef500000,0x00000000ef500000,0x00000000f1200000)
 ParOldGen       total 93184K, used 55903K [0x00000000a0000000, 0x00000000a5b00000, 0x00000000e0000000)
  object space 93184K, 59% used [0x00000000a0000000,0x00000000a3697ff8,0x00000000a5b00000)
 Metaspace       used 74891K, capacity 78040K, committed 78296K, reserved 1116160K
  class space    used 9971K, capacity 10627K, committed 10712K, reserved 1048576K

Card table byte_map: [0x0000000011d00000,0x0000000012010000] byte_map_base: 0x0000000011800000

Marking Bits: (ParMarkBitMap*) 0x000000006a9e9f30
 Begin Bits: [0x0000000012610000, 0x0000000013e10000)
 End Bits:   [0x0000000013e10000, 0x0000000015610000)

Polling page: 0x0000000000fc0000

CodeCache: size=245760Kb used=36309Kb max_used=37060Kb free=209450Kb
 bounds [0x0000000002940000, 0x0000000004d90000, 0x0000000011940000]
 total_blobs=11574 nmethods=10722 adapters=762
 compilation: enabled

Compilation events (10 events):
Event: 29.730 Thread 0x00000000162ce800 12252 %     3       com.android.tools.r8.ir.code.Phi::a @ 2 (53 bytes)
Event: 29.731 Thread 0x00000000162ce800 nmethod 12252% 0x0000000003372990 code [0x0000000003372b60, 0x0000000003373298]
Event: 29.754 Thread 0x00000000162ce800 12253       2       com.android.tools.r8.ir.code.h0::d (22 bytes)
Event: 29.755 Thread 0x00000000162ce800 nmethod 12253 0x0000000003a08310 code [0x0000000003a084a0, 0x0000000003a08908]
Event: 29.755 Thread 0x00000000162ce800 12254       2       com.android.tools.r8.ir.code.IRCode::a (17 bytes)
Event: 29.756 Thread 0x00000000162ce800 nmethod 12254 0x0000000004195e90 code [0x0000000004196000, 0x0000000004196208]
Event: 29.762 Thread 0x00000000162ce800 12255       2       com.android.tools.r8.ir.code.ConstNumber::a (316 bytes)
Event: 29.764 Thread 0x00000000162ce800 nmethod 12255 0x0000000003c3c0d0 code [0x0000000003c3c260, 0x0000000003c3c7e8]
Event: 29.764 Thread 0x00000000162ce800 12256       2       com.android.tools.r8.utils.y::b (13 bytes)
Event: 29.764 Thread 0x00000000162ce800 nmethod 12256 0x000000000419f4d0 code [0x000000000419f620, 0x000000000419f790]

GC Heap History (10 events):
Event: 22.503 GC heap before
{Heap before GC invocations=18 (full 3):
 PSYoungGen      total 186368K, used 186338K [0x00000000e0000000, 0x00000000edd80000, 0x0000000100000000)
  eden space 168448K, 100% used [0x00000000e0000000,0x00000000ea480000,0x00000000ea480000)
  from space 17920K, 99% used [0x00000000ebd80000,0x00000000ecef8810,0x00000000ecf00000)
  to   space 25600K, 0% used [0x00000000ea480000,0x00000000ea480000,0x00000000ebd80000)
 ParOldGen       total 93184K, used 47399K [0x00000000a0000000, 0x00000000a5b00000, 0x00000000e0000000)
  object space 93184K, 50% used [0x00000000a0000000,0x00000000a2e49f90,0x00000000a5b00000)
 Metaspace       used 73801K, capacity 76806K, committed 76888K, reserved 1116160K
  class space    used 9886K, capacity 10528K, committed 10584K, reserved 1048576K
Event: 22.552 GC heap after
Heap after GC invocations=18 (full 3):
 PSYoungGen      total 194048K, used 18495K [0x00000000e0000000, 0x00000000ef400000, 0x0000000100000000)
  eden space 168448K, 0% used [0x00000000e0000000,0x00000000e0000000,0x00000000ea480000)
  from space 25600K, 72% used [0x00000000ea480000,0x00000000eb68fdf0,0x00000000ebd80000)
  to   space 27136K, 0% used [0x00000000ed980000,0x00000000ed980000,0x00000000ef400000)
 ParOldGen       total 93184K, used 55871K [0x00000000a0000000, 0x00000000a5b00000, 0x00000000e0000000)
  object space 93184K, 59% used [0x00000000a0000000,0x00000000a368fff8,0x00000000a5b00000)
 Metaspace       used 73801K, capacity 76806K, committed 76888K, reserved 1116160K
  class space    used 9886K, capacity 10528K, committed 10584K, reserved 1048576K
}
Event: 23.872 GC heap before
{Heap before GC invocations=19 (full 3):
 PSYoungGen      total 194048K, used 186943K [0x00000000e0000000, 0x00000000ef400000, 0x0000000100000000)
  eden space 168448K, 100% used [0x00000000e0000000,0x00000000ea480000,0x00000000ea480000)
  from space 25600K, 72% used [0x00000000ea480000,0x00000000eb68fdf0,0x00000000ebd80000)
  to   space 27136K, 0% used [0x00000000ed980000,0x00000000ed980000,0x00000000ef400000)
 ParOldGen       total 93184K, used 55871K [0x00000000a0000000, 0x00000000a5b00000, 0x00000000e0000000)
  object space 93184K, 59% used [0x00000000a0000000,0x00000000a368fff8,0x00000000a5b00000)
 Metaspace       used 73982K, capacity 77100K, committed 77400K, reserved 1116160K
  class space    used 9893K, capacity 10533K, committed 10584K, reserved 1048576K
Event: 23.912 GC heap after
Heap after GC invocations=19 (full 3):
 PSYoungGen      total 221696K, used 18435K [0x00000000e0000000, 0x00000000efa80000, 0x0000000100000000)
  eden space 194560K, 0% used [0x00000000e0000000,0x00000000e0000000,0x00000000ebe00000)
  from space 27136K, 67% used [0x00000000ed980000,0x00000000eeb80c50,0x00000000ef400000)
  to   space 28160K, 0% used [0x00000000ebe00000,0x00000000ebe00000,0x00000000ed980000)
 ParOldGen       total 93184K, used 55879K [0x00000000a0000000, 0x00000000a5b00000, 0x00000000e0000000)
  object space 93184K, 59% used [0x00000000a0000000,0x00000000a3691ff8,0x00000000a5b00000)
 Metaspace       used 73982K, capacity 77100K, committed 77400K, reserved 1116160K
  class space    used 9893K, capacity 10533K, committed 10584K, reserved 1048576K
}
Event: 25.190 GC heap before
{Heap before GC invocations=20 (full 3):
 PSYoungGen      total 221696K, used 212995K [0x00000000e0000000, 0x00000000efa80000, 0x0000000100000000)
  eden space 194560K, 100% used [0x00000000e0000000,0x00000000ebe00000,0x00000000ebe00000)
  from space 27136K, 67% used [0x00000000ed980000,0x00000000eeb80c50,0x00000000ef400000)
  to   space 28160K, 0% used [0x00000000ebe00000,0x00000000ebe00000,0x00000000ed980000)
 ParOldGen       total 93184K, used 55879K [0x00000000a0000000, 0x00000000a5b00000, 0x00000000e0000000)
  object space 93184K, 59% used [0x00000000a0000000,0x00000000a3691ff8,0x00000000a5b00000)
 Metaspace       used 74075K, capacity 77196K, committed 77400K, reserved 1116160K
  class space    used 9896K, capacity 10537K, committed 10584K, reserved 1048576K
Event: 25.231 GC heap after
Heap after GC invocations=20 (full 3):
 PSYoungGen      total 222720K, used 20730K [0x00000000e0000000, 0x00000000f1200000, 0x0000000100000000)
  eden space 194560K, 0% used [0x00000000e0000000,0x00000000e0000000,0x00000000ebe00000)
  from space 28160K, 73% used [0x00000000ebe00000,0x00000000ed23e838,0x00000000ed980000)
  to   space 29696K, 0% used [0x00000000ef500000,0x00000000ef500000,0x00000000f1200000)
 ParOldGen       total 93184K, used 55887K [0x00000000a0000000, 0x00000000a5b00000, 0x00000000e0000000)
  object space 93184K, 59% used [0x00000000a0000000,0x00000000a3693ff8,0x00000000a5b00000)
 Metaspace       used 74075K, capacity 77196K, committed 77400K, reserved 1116160K
  class space    used 9896K, capacity 10537K, committed 10584K, reserved 1048576K
}
Event: 26.485 GC heap before
{Heap before GC invocations=21 (full 3):
 PSYoungGen      total 222720K, used 215290K [0x00000000e0000000, 0x00000000f1200000, 0x0000000100000000)
  eden space 194560K, 100% used [0x00000000e0000000,0x00000000ebe00000,0x00000000ebe00000)
  from space 28160K, 73% used [0x00000000ebe00000,0x00000000ed23e838,0x00000000ed980000)
  to   space 29696K, 0% used [0x00000000ef500000,0x00000000ef500000,0x00000000f1200000)
 ParOldGen       total 93184K, used 55887K [0x00000000a0000000, 0x00000000a5b00000, 0x00000000e0000000)
  object space 93184K, 59% used [0x00000000a0000000,0x00000000a3693ff8,0x00000000a5b00000)
 Metaspace       used 74223K, capacity 77322K, committed 77400K, reserved 1116160K
  class space    used 9911K, capacity 10574K, committed 10584K, reserved 1048576K
Event: 26.563 GC heap after
Heap after GC invocations=21 (full 3):
 PSYoungGen      total 248320K, used 23762K [0x00000000e0000000, 0x00000000f1d80000, 0x0000000100000000)
  eden space 218624K, 0% used [0x00000000e0000000,0x00000000e0000000,0x00000000ed580000)
  from space 29696K, 80% used [0x00000000ef500000,0x00000000f0c34a60,0x00000000f1200000)
  to   space 32256K, 0% used [0x00000000ed580000,0x00000000ed580000,0x00000000ef500000)
 ParOldGen       total 93184K, used 55895K [0x00000000a0000000, 0x00000000a5b00000, 0x00000000e0000000)
  object space 93184K, 59% used [0x00000000a0000000,0x00000000a3695ff8,0x00000000a5b00000)
 Metaspace       used 74223K, capacity 77322K, committed 77400K, reserved 1116160K
  class space    used 9911K, capacity 10574K, committed 10584K, reserved 1048576K
}
Event: 28.017 GC heap before
{Heap before GC invocations=22 (full 3):
 PSYoungGen      total 248320K, used 242386K [0x00000000e0000000, 0x00000000f1d80000, 0x0000000100000000)
  eden space 218624K, 100% used [0x00000000e0000000,0x00000000ed580000,0x00000000ed580000)
  from space 29696K, 80% used [0x00000000ef500000,0x00000000f0c34a60,0x00000000f1200000)
  to   space 32256K, 0% used [0x00000000ed580000,0x00000000ed580000,0x00000000ef500000)
 ParOldGen       total 93184K, used 55895K [0x00000000a0000000, 0x00000000a5b00000, 0x00000000e0000000)
  object space 93184K, 59% used [0x00000000a0000000,0x00000000a3695ff8,0x00000000a5b00000)
 Metaspace       used 74356K, capacity 77478K, committed 77656K, reserved 1116160K
  class space    used 9914K, capacity 10576K, committed 10584K, reserved 1048576K
Event: 28.073 GC heap after
Heap after GC invocations=22 (full 3):
 PSYoungGen      total 250880K, used 27390K [0x00000000e0000000, 0x00000000f1d80000, 0x0000000100000000)
  eden space 218624K, 0% used [0x00000000e0000000,0x00000000e0000000,0x00000000ed580000)
  from space 32256K, 84% used [0x00000000ed580000,0x00000000ef03fa10,0x00000000ef500000)
  to   space 29696K, 0% used [0x00000000ef500000,0x00000000ef500000,0x00000000f1200000)
 ParOldGen       total 93184K, used 55903K [0x00000000a0000000, 0x00000000a5b00000, 0x00000000e0000000)
  object space 93184K, 59% used [0x00000000a0000000,0x00000000a3697ff8,0x00000000a5b00000)
 Metaspace       used 74356K, capacity 77478K, committed 77656K, reserved 1116160K
  class space    used 9914K, capacity 10576K, committed 10584K, reserved 1048576K
}

Deoptimization events (10 events):
Event: 29.089 Thread 0x000000001cca8800 Uncommon trap: reason=class_check action=maybe_recompile pc=0x0000000003274bb8 method=sun.reflect.generics.reflectiveObjects.TypeVariableImpl.getGenericDeclaration()Ljava/lang/reflect/GenericDeclaration; @ 4
Event: 29.125 Thread 0x000000001cca8800 Uncommon trap: reason=class_check action=maybe_recompile pc=0x0000000003bbce5c method=java.lang.reflect.Array.newInstance(Ljava/lang/Class;I)Ljava/lang/Object; @ 2
Event: 29.128 Thread 0x000000001cca8800 Uncommon trap: reason=class_check action=maybe_recompile pc=0x00000000034f9e30 method=java.util.regex.Pattern$CharProperty$1.isSatisfiedBy(I)Z @ 5
Event: 29.128 Thread 0x000000001cca8800 Uncommon trap: reason=class_check action=maybe_recompile pc=0x00000000034f9e30 method=java.util.regex.Pattern$CharProperty$1.isSatisfiedBy(I)Z @ 5
Event: 29.128 Thread 0x000000001cca8800 Uncommon trap: reason=class_check action=maybe_recompile pc=0x00000000034f9e30 method=java.util.regex.Pattern$CharProperty$1.isSatisfiedBy(I)Z @ 5
Event: 29.128 Thread 0x000000001cca8800 Uncommon trap: reason=class_check action=maybe_recompile pc=0x00000000034f9e30 method=java.util.regex.Pattern$CharProperty$1.isSatisfiedBy(I)Z @ 5
Event: 29.284 Thread 0x000000001cca5800 Uncommon trap: reason=unstable_if action=reinterpret pc=0x000000000406fd40 method=com.android.tools.r8.utils.t.a(I)Z @ 45
Event: 29.501 Thread 0x0000000019415000 Uncommon trap: reason=class_check action=maybe_recompile pc=0x0000000002b07980 method=java.util.Spliterators$1Adapter.hasNext()Z @ 12
Event: 29.501 Thread 0x000000001cca8800 Uncommon trap: reason=class_check action=maybe_recompile pc=0x0000000002b07980 method=java.util.Spliterators$1Adapter.hasNext()Z @ 12
Event: 29.502 Thread 0x000000001cca8800 Uncommon trap: reason=unstable_if action=reinterpret pc=0x000000000339fed0 method=java.util.concurrent.ConcurrentLinkedQueue.offer(Ljava/lang/Object;)Z @ 40

Classes redefined (0 events):
No events

Internal exceptions (10 events):
Event: 28.571 Thread 0x000000001eeda000 Exception <a 'sun/nio/fs/WindowsException'> (0x00000000e2cd7bb0) thrown at [D:\src\AOSP-openjdk-cygwin\jdk8u\hotspot\src\share\vm\prims\jni.cpp, line 710]
Event: 28.573 Thread 0x000000001eeda000 Exception <a 'sun/nio/fs/WindowsException'> (0x00000000e2cddf80) thrown at [D:\src\AOSP-openjdk-cygwin\jdk8u\hotspot\src\share\vm\prims\jni.cpp, line 710]
Event: 28.574 Thread 0x000000001eeda000 Exception <a 'sun/nio/fs/WindowsException'> (0x00000000e2e65060) thrown at [D:\src\AOSP-openjdk-cygwin\jdk8u\hotspot\src\share\vm\prims\jni.cpp, line 710]
Event: 28.578 Thread 0x000000001eeda000 Exception <a 'sun/nio/fs/WindowsException'> (0x00000000e2e6c558) thrown at [D:\src\AOSP-openjdk-cygwin\jdk8u\hotspot\src\share\vm\prims\jni.cpp, line 710]
Event: 28.580 Thread 0x000000001eeda000 Exception <a 'sun/nio/fs/WindowsException'> (0x00000000e2e75720) thrown at [D:\src\AOSP-openjdk-cygwin\jdk8u\hotspot\src\share\vm\prims\jni.cpp, line 710]
Event: 28.582 Thread 0x000000001eeda000 Exception <a 'sun/nio/fs/WindowsException'> (0x00000000e2e7be88) thrown at [D:\src\AOSP-openjdk-cygwin\jdk8u\hotspot\src\share\vm\prims\jni.cpp, line 710]
Event: 28.586 Thread 0x000000001eeda000 Exception <a 'sun/nio/fs/WindowsException'> (0x00000000e2e83538) thrown at [D:\src\AOSP-openjdk-cygwin\jdk8u\hotspot\src\share\vm\prims\jni.cpp, line 710]
Event: 28.601 Thread 0x000000001eeda000 Exception <a 'sun/nio/fs/WindowsException'> (0x00000000e2e8bbd0) thrown at [D:\src\AOSP-openjdk-cygwin\jdk8u\hotspot\src\share\vm\prims\jni.cpp, line 710]
Event: 28.604 Thread 0x000000001eeda000 Exception <a 'sun/nio/fs/WindowsException'> (0x00000000e2e92108) thrown at [D:\src\AOSP-openjdk-cygwin\jdk8u\hotspot\src\share\vm\prims\jni.cpp, line 710]
Event: 29.234 Thread 0x000000001cca5800 Exception <a 'sun/nio/fs/WindowsException'> (0x00000000e61634c0) thrown at [D:\src\AOSP-openjdk-cygwin\jdk8u\hotspot\src\share\vm\prims\jni.cpp, line 710]

Events (10 events):
Event: 29.502 Thread 0x000000001cca8800 DEOPT PACKING pc=0x000000000339fed0 sp=0x000000002378bd30
Event: 29.502 Thread 0x000000001cca8800 DEOPT UNPACKING pc=0x000000000298557b sp=0x000000002378bcb8 mode 2
Event: 29.506 Thread 0x000000001cca7800 DEOPT PACKING pc=0x0000000004324be2 sp=0x0000000023aea420
Event: 29.506 Thread 0x000000001cca7800 DEOPT UNPACKING pc=0x00000000029875d0 sp=0x0000000023aea488 mode 0
Event: 29.575 Thread 0x000000001cca7800 DEOPT PACKING pc=0x0000000004324be2 sp=0x0000000023aea030
Event: 29.575 Thread 0x000000001cca7800 DEOPT UNPACKING pc=0x00000000029875d0 sp=0x0000000023aea098 mode 0
Event: 29.633 Thread 0x000000001cca5800 DEOPT PACKING pc=0x0000000004324be2 sp=0x0000000023bea500
Event: 29.633 Thread 0x000000001cca5800 DEOPT UNPACKING pc=0x00000000029875d0 sp=0x0000000023bea568 mode 0
Event: 29.723 Thread 0x000000001cca7800 DEOPT PACKING pc=0x0000000004324be2 sp=0x0000000023aea420
Event: 29.723 Thread 0x000000001cca7800 DEOPT UNPACKING pc=0x00000000029875d0 sp=0x0000000023aea488 mode 0


Dynamic libraries:
0x00007ff6c6a70000 - 0x00007ff6c6aa1000 	C:\Program Files\Android\Android Studio\jre\bin\java.exe
0x00007ffe32090000 - 0x00007ffe3227d000 	C:\Windows\SYSTEM32\ntdll.dll
0x00007ffe2f730000 - 0x00007ffe2f7e3000 	C:\Windows\System32\KERNEL32.DLL
0x00007ffe2e260000 - 0x00007ffe2e4f3000 	C:\Windows\System32\KERNELBASE.dll
0x00007ffe2f360000 - 0x00007ffe2f403000 	C:\Windows\System32\ADVAPI32.dll
0x00007ffe2f690000 - 0x00007ffe2f72e000 	C:\Windows\System32\msvcrt.dll
0x00007ffe2f7f0000 - 0x00007ffe2f88e000 	C:\Windows\System32\sechost.dll
0x00007ffe31f30000 - 0x00007ffe32052000 	C:\Windows\System32\RPCRT4.dll
0x00007ffe2fd40000 - 0x00007ffe2fed7000 	C:\Windows\System32\USER32.dll
0x00007ffe2eac0000 - 0x00007ffe2eae0000 	C:\Windows\System32\win32u.dll
0x00007ffe2f890000 - 0x00007ffe2f8b9000 	C:\Windows\System32\GDI32.dll
0x00007ffe2e820000 - 0x00007ffe2e9b9000 	C:\Windows\System32\gdi32full.dll
0x00007ffe2e6e0000 - 0x00007ffe2e780000 	C:\Windows\System32\msvcp_win.dll
0x00007ffe2e9c0000 - 0x00007ffe2eaba000 	C:\Windows\System32\ucrtbase.dll
0x00007ffe1e1f0000 - 0x00007ffe1e469000 	C:\Windows\WinSxS\amd64_microsoft.windows.common-controls_6595b64144ccf1df_6.0.17763.802_none_05b1445c0722d2cc\COMCTL32.dll
0x00007ffe30100000 - 0x00007ffe3042c000 	C:\Windows\System32\combase.dll
0x00007ffe2e7a0000 - 0x00007ffe2e81e000 	C:\Windows\System32\bcryptPrimitives.dll
0x00007ffe2f2b0000 - 0x00007ffe2f2de000 	C:\Windows\System32\IMM32.DLL
0x000000006a060000 - 0x000000006a132000 	C:\Program Files\Android\Android Studio\jre\jre\bin\msvcr100.dll
0x000000006a220000 - 0x000000006aa66000 	C:\Program Files\Android\Android Studio\jre\jre\bin\server\jvm.dll
0x00007ffe31f20000 - 0x00007ffe31f28000 	C:\Windows\System32\PSAPI.DLL
0x00007ffe2abb0000 - 0x00007ffe2abb9000 	C:\Windows\SYSTEM32\WSOCK32.dll
0x00007ffe2bcc0000 - 0x00007ffe2bce4000 	C:\Windows\SYSTEM32\WINMM.dll
0x00007ffe31a60000 - 0x00007ffe31acd000 	C:\Windows\System32\WS2_32.dll
0x00007ffe23a10000 - 0x00007ffe23a1a000 	C:\Windows\SYSTEM32\VERSION.dll
0x00007ffe2bc90000 - 0x00007ffe2bcbd000 	C:\Windows\SYSTEM32\WINMMBASE.dll
0x00007ffe2f230000 - 0x00007ffe2f27a000 	C:\Windows\System32\cfgmgr32.dll
0x00007ffe2aba0000 - 0x00007ffe2abaf000 	C:\Program Files\Android\Android Studio\jre\jre\bin\verify.dll
0x00007ffe2ab70000 - 0x00007ffe2ab99000 	C:\Program Files\Android\Android Studio\jre\jre\bin\java.dll
0x00007ffe2ab50000 - 0x00007ffe2ab66000 	C:\Program Files\Android\Android Studio\jre\jre\bin\zip.dll
0x00007ffe30540000 - 0x00007ffe31a34000 	C:\Windows\System32\SHELL32.dll
0x00007ffe30430000 - 0x00007ffe304d8000 	C:\Windows\System32\shcore.dll
0x00007ffe2eae0000 - 0x00007ffe2f22d000 	C:\Windows\System32\windows.storage.dll
0x00007ffe2e080000 - 0x00007ffe2e0a4000 	C:\Windows\System32\profapi.dll
0x00007ffe2e0b0000 - 0x00007ffe2e10d000 	C:\Windows\System32\powrprof.dll
0x00007ffe2ff40000 - 0x00007ffe2ff92000 	C:\Windows\System32\shlwapi.dll
0x00007ffe2e130000 - 0x00007ffe2e141000 	C:\Windows\System32\kernel.appcore.dll
0x00007ffe2e780000 - 0x00007ffe2e797000 	C:\Windows\System32\cryptsp.dll
0x00007ffe2ab30000 - 0x00007ffe2ab4a000 	C:\Program Files\Android\Android Studio\jre\jre\bin\net.dll
0x00007ffe2d890000 - 0x00007ffe2d8f7000 	C:\Windows\system32\mswsock.dll
0x00007ffe2ab10000 - 0x00007ffe2ab21000 	C:\Program Files\Android\Android Studio\jre\jre\bin\nio.dll
0x00007ffe1c070000 - 0x00007ffe1c096000 	C:\Users\Home\.gradle\native\29\windows-amd64\native-platform.dll
0x00007ffe2ab00000 - 0x00007ffe2ab0d000 	C:\Program Files\Android\Android Studio\jre\jre\bin\management.dll
0x00007ffe2d410000 - 0x00007ffe2d443000 	C:\Windows\system32\rsaenh.dll
0x00007ffe2f280000 - 0x00007ffe2f2a6000 	C:\Windows\System32\bcrypt.dll
0x00007ffe2df80000 - 0x00007ffe2dfa8000 	C:\Windows\SYSTEM32\USERENV.dll
0x00007ffe2da60000 - 0x00007ffe2da6c000 	C:\Windows\SYSTEM32\CRYPTBASE.dll
0x00007ffe2d5b0000 - 0x00007ffe2d5ed000 	C:\Windows\SYSTEM32\IPHLPAPI.DLL
0x00007ffe2f410000 - 0x00007ffe2f418000 	C:\Windows\System32\NSI.dll
0x00007ffe284d0000 - 0x00007ffe284e6000 	C:\Windows\SYSTEM32\dhcpcsvc6.DLL
0x00007ffe27f80000 - 0x00007ffe27f9c000 	C:\Windows\SYSTEM32\dhcpcsvc.DLL
0x00007ffe2d5f0000 - 0x00007ffe2d6b6000 	C:\Windows\SYSTEM32\DNSAPI.dll

VM Arguments:
jvm_args: -Xmx1536m -Dfile.encoding=windows-1251 -Duser.country=RU -Duser.language=ru -Duser.variant 
java_command: org.gradle.launcher.daemon.bootstrap.GradleDaemon 5.4.1
java_class_path (initial): C:\Users\Home\.gradle\wrapper\dists\gradle-5.4.1-all\3221gyojl5jsh0helicew7rwx\gradle-5.4.1\lib\gradle-launcher-5.4.1.jar
Launcher Type: SUN_STANDARD

Environment Variables:
PATH=C:\Program Files (x86)\Common Files\Oracle\Java\javapath;C:\Windows\system32;C:\Windows;C:\Windows\System32\Wbem;C:\Windows\System32\WindowsPowerShell\v1.0\;C:\Windows\System32\OpenSSH\;C:\Users\Home\AppData\Local\Microsoft\WindowsApps;
USERNAME=Home
OS=Windows_NT
PROCESSOR_IDENTIFIER=Intel64 Family 6 Model 42 Stepping 7, GenuineIntel



---------------  S Y S T E M  ---------------

OS: Windows 10.0 , 64 bit Build 17763 (10.0.17763.475)

CPU:total 4 (initial active 4) (2 cores per cpu, 2 threads per core) family 6 model 42 stepping 7, cmov, cx8, fxsr, mmx, sse, sse2, sse3, ssse3, sse4.1, sse4.2, popcnt, avx, clmul, ht, tsc, tscinvbit

Memory: 4k page, physical 4026732k(472360k free), swap 4845932k(5700k free)

vm_info: OpenJDK 64-Bit Server VM (25.202-b03) for windows-amd64 JRE (1.8.0_202-release-1483-b03), built by "builder" with MS VC++ 10.0 (VS2010)

time: Sun Oct 27 16:35:44 2019
timezone: RTZ 2 (зима)
elapsed time: 29 seconds (0d 0h 0m 29s)

