#
# There is insufficient memory for the Java Runtime Environment to continue.
# Native memory allocation (malloc) failed to allocate 131088 bytes for Chunk::new
# Possible reasons:
#   The system is out of physical RAM or swap space
#   The process is running with CompressedOops enabled, and the Java Heap may be blocking the growth of the native heap
# Possible solutions:
#   Reduce memory load on the system
#   Increase physical memory or swap space
#   Check if swap backing store is full
#   Decrease Java heap size (-Xmx/-Xms)
#   Decrease number of Java threads
#   Decrease Java thread stack sizes (-Xss)
#   Set larger code cache with -XX:ReservedCodeCacheSize=
#   JVM is running with Unscaled Compressed Oops mode in which the Java heap is
#     placed in the first 4GB address space. The Java Heap base address is the
#     maximum limit for the native heap growth. Please use -XX:HeapBaseMinAddress
#     to set the Java Heap base and to place the Java Heap above 4GB virtual address.
# This output file may be truncated or incomplete.
#
#  Out of Memory Error (allocation.cpp:389), pid=1480, tid=0x0000000000001418
#
# JRE version: OpenJDK Runtime Environment (8.0_202-b03) (build 1.8.0_202-release-1483-b03)
# Java VM: OpenJDK 64-Bit Server VM (25.202-b03 mixed mode windows-amd64 compressed oops)
# Failed to write core dump. Minidumps are not enabled by default on client versions of Windows
#

---------------  T H R E A D  ---------------

Current thread (0x0000000016a7b000):  JavaThread "C2 CompilerThread1" daemon [_thread_in_native, id=5144, stack(0x00000000181e0000,0x00000000182e0000)]

Stack: [0x00000000181e0000,0x00000000182e0000]
[error occurred during error reporting (printing stack bounds), id 0xc0000005]

Native frames: (J=compiled Java code, j=interpreted, Vv=VM code, C=native code)


Current CompileTask:
C2: 218142 13641 %     4       com.android.tools.r8.ir.regalloc.LinearScanRegisterAllocator::a @ 2072 (3743 bytes)


---------------  P R O C E S S  ---------------

Java Threads: ( => current thread )
  0x000000001ff75000 JavaThread "WorkerExecutor Queue Thread 3" [_thread_blocked, id=1932, stack(0x0000000025c20000,0x0000000025d20000)]
  0x000000001ff6e800 JavaThread "stdout" [_thread_in_native, id=1956, stack(0x0000000025b20000,0x0000000025c20000)]
  0x000000001ff67000 JavaThread "stderr" [_thread_in_native, id=3240, stack(0x0000000025a20000,0x0000000025b20000)]
  0x000000001ff6e000 JavaThread "pool-4-thread-1" [_thread_blocked, id=5616, stack(0x0000000025920000,0x0000000025a20000)]
  0x000000001ff6d000 JavaThread "WorkerExecutor Queue Thread 2" [_thread_blocked, id=1824, stack(0x0000000025820000,0x0000000025920000)]
  0x000000001ff69800 JavaThread "WorkerExecutor Queue" [_thread_blocked, id=7108, stack(0x0000000025720000,0x0000000025820000)]
  0x000000001ff68800 JavaThread "Cache worker for execution history cache (D:\MyMap\.gradle\5.4.1\executionHistory)" [_thread_blocked, id=5552, stack(0x0000000025620000,0x0000000025720000)]
  0x000000001ff6b000 JavaThread "Execution worker for ':' Thread 3" [_thread_blocked, id=5904, stack(0x0000000025520000,0x0000000025620000)]
  0x000000001ff6a000 JavaThread "Execution worker for ':' Thread 2" [_thread_blocked, id=3456, stack(0x0000000025420000,0x0000000025520000)]
  0x0000000019d80800 JavaThread "Execution worker for ':'" [_thread_blocked, id=3744, stack(0x0000000025320000,0x0000000025420000)]
  0x0000000019d80000 JavaThread "Cache worker for file content cache (D:\MyMap\.gradle\5.4.1\fileContent)" [_thread_blocked, id=3272, stack(0x0000000025220000,0x0000000025320000)]
  0x0000000019d7d000 JavaThread "Cache worker for file content cache (C:\Users\Home\.gradle\caches\5.4.1\fileContent)" [_thread_blocked, id=1448, stack(0x0000000025120000,0x0000000025220000)]
  0x000000001d7bd800 JavaThread "Cache worker for Build Output Cleanup Cache (D:\MyMap\.gradle\buildOutputCleanup)" [_thread_blocked, id=904, stack(0x0000000025020000,0x0000000025120000)]
  0x000000001d7bc000 JavaThread "Build operations Thread 4" [_thread_blocked, id=1148, stack(0x0000000024f20000,0x0000000025020000)]
  0x000000001d7bb000 JavaThread "Build operations Thread 3" [_thread_blocked, id=6032, stack(0x0000000024e20000,0x0000000024f20000)]
  0x000000001d7ba800 JavaThread "Build operations Thread 2" [_thread_blocked, id=4644, stack(0x0000000024d20000,0x0000000024e20000)]
  0x000000001d7b9000 JavaThread "Build operations" [_thread_blocked, id=5256, stack(0x0000000024c20000,0x0000000024d20000)]
  0x000000001d7b8000 JavaThread "Cache worker for cache directory md-rule (C:\Users\Home\.gradle\caches\5.4.1\md-rule)" [_thread_blocked, id=1684, stack(0x0000000024b20000,0x0000000024c20000)]
  0x000000001d7bf000 JavaThread "Cache worker for cache directory md-supplier (C:\Users\Home\.gradle\caches\5.4.1\md-supplier)" [_thread_blocked, id=5660, stack(0x0000000024a20000,0x0000000024b20000)]
  0x000000001d7b9800 JavaThread "Cache worker for file hash cache (D:\MyMap\.gradle\5.4.1\fileHashes)" [_thread_blocked, id=540, stack(0x0000000024920000,0x0000000024a20000)]
  0x000000001d7be800 JavaThread "Thread-28" [_thread_blocked, id=1784, stack(0x0000000024820000,0x0000000024920000)]
  0x000000001d7bd000 JavaThread "Stdin handler" [_thread_blocked, id=820, stack(0x0000000024720000,0x0000000024820000)]
  0x000000001d7b1800 JavaThread "Asynchronous log dispatcher for DefaultDaemonConnection: socket connection from /127.0.0.1:50329 to /127.0.0.1:50338" [_thread_blocked, id=3752, stack(0x0000000024620000,0x0000000024720000)]
  0x000000001d7b6800 JavaThread "Daemon worker Thread 2" [_thread_blocked, id=1764, stack(0x0000000024520000,0x0000000024620000)]
  0x000000001d7b3000 JavaThread "Cancel handler" [_thread_blocked, id=1400, stack(0x0000000024420000,0x0000000024520000)]
  0x000000001d7b5000 JavaThread "Handler for socket connection from /127.0.0.1:50329 to /127.0.0.1:50338" [_thread_in_native, id=420, stack(0x0000000024320000,0x0000000024420000)]
  0x000000001d7b2000 JavaThread "Daemon Thread 2" [_thread_blocked, id=5960, stack(0x0000000024220000,0x0000000024320000)]
  0x000000001d7b3800 JavaThread "Memory manager" [_thread_blocked, id=1912, stack(0x00000000235a0000,0x00000000236a0000)]
  0x000000001d7b6000 JavaThread "Cache worker for execution history cache (C:\Users\Home\.gradle\caches\5.4.1\executionHistory)" [_thread_blocked, id=6080, stack(0x00000000214b0000,0x00000000215b0000)]
  0x0000000019d83000 JavaThread "Cache worker for journal cache (C:\Users\Home\.gradle\caches\journal-1)" [_thread_blocked, id=3384, stack(0x000000001b640000,0x000000001b740000)]
  0x0000000019d7c000 JavaThread "File lock request listener" [_thread_in_native, id=2880, stack(0x000000001b540000,0x000000001b640000)]
  0x0000000019d81800 JavaThread "Cache worker for file hash cache (C:\Users\Home\.gradle\caches\5.4.1\fileHashes)" [_thread_blocked, id=6000, stack(0x000000001b440000,0x000000001b540000)]
  0x0000000019bc6000 JavaThread "Daemon periodic checks" [_thread_blocked, id=2736, stack(0x000000001aa40000,0x000000001ab40000)]
  0x0000000019cb2800 JavaThread "Incoming local TCP Connector on port 50329" [_thread_in_native, id=3524, stack(0x000000001a7f0000,0x000000001a8f0000)]
  0x000000001977b000 JavaThread "Daemon health stats" [_thread_blocked, id=6560, stack(0x000000001a1b0000,0x000000001a2b0000)]
  0x00000000183fd000 JavaThread "Service Thread" daemon [_thread_blocked, id=1224, stack(0x00000000187e0000,0x00000000188e0000)]
  0x0000000016a82800 JavaThread "C1 CompilerThread2" daemon [_thread_blocked, id=4360, stack(0x00000000182e0000,0x00000000183e0000)]
=>0x0000000016a7b000 JavaThread "C2 CompilerThread1" daemon [_thread_in_native, id=5144, stack(0x00000000181e0000,0x00000000182e0000)]
  0x0000000016a71800 JavaThread "C2 CompilerThread0" daemon [_thread_in_native, id=4104, stack(0x00000000180e0000,0x00000000181e0000)]
  0x0000000016a71000 JavaThread "Attach Listener" daemon [_thread_blocked, id=1696, stack(0x0000000017fe0000,0x00000000180e0000)]
  0x0000000016a77800 JavaThread "Signal Dispatcher" daemon [_thread_blocked, id=692, stack(0x0000000017ee0000,0x0000000017fe0000)]
  0x00000000030fc000 JavaThread "Finalizer" daemon [_thread_blocked, id=7136, stack(0x0000000017ce0000,0x0000000017de0000)]
  0x00000000030f3000 JavaThread "Reference Handler" daemon [_thread_blocked, id=2768, stack(0x0000000017be0000,0x0000000017ce0000)]
  0x0000000002ffd800 JavaThread "main" [_thread_blocked, id=5804, stack(0x0000000002e50000,0x0000000002f50000)]

Other Threads:
  0x0000000016a34800 VMThread [stack: 0x0000000017ae0000,0x0000000017be0000] [id=5692]
  0x00000000183ff000 WatcherThread [stack: 0x00000000188e0000,0x00000000189e0000] [id=5160]

VM state:at safepoint (normal execution)

VM Mutex/Monitor currently owned by a thread:  ([mutex/lock_event])
[0x0000000002ffc8d0] Threads_lock - owner thread: 0x0000000016a34800
[0x0000000002ffc350] Heap_lock - owner thread: 0x000000001d7b6800

heap address: 0x00000000a0000000, size: 1536 MB, Compressed Oops mode: 32-bit
Narrow klass base: 0x0000000000000000, Narrow klass shift: 3
Compressed class space size: 1073741824 Address: 0x0000000100000000

Heap:
 PSYoungGen      total 256000K, used 224884K [0x00000000e0000000, 0x00000000f1580000, 0x0000000100000000)
  eden space 232960K, 87% used [0x00000000e0000000,0x00000000ec62b9b0,0x00000000ee380000)
  from space 23040K, 95% used [0x00000000eff00000,0x00000000f14718e0,0x00000000f1580000)
  to   space 25600K, 9% used [0x00000000ee380000,0x00000000ee5f4020,0x00000000efc80000)
 ParOldGen       total 89088K, used 66333K [0x00000000a0000000, 0x00000000a5700000, 0x00000000e0000000)
  object space 89088K, 74% used [0x00000000a0000000,0x00000000a40c7718,0x00000000a5700000)
 Metaspace       used 81405K, capacity 85316K, committed 85504K, reserved 1128448K
  class space    used 10673K, capacity 11429K, committed 11520K, reserved 1048576K

Card table byte_map: [0x00000000124c0000,0x00000000127d0000] byte_map_base: 0x0000000011fc0000

Marking Bits: (ParMarkBitMap*) 0x000000006a9e9f30
 Begin Bits: [0x0000000012dd0000, 0x00000000145d0000)
 End Bits:   [0x00000000145d0000, 0x0000000015dd0000)

Polling page: 0x0000000001590000

CodeCache: size=245760Kb used=40874Kb max_used=40951Kb free=204885Kb
 bounds [0x0000000003100000, 0x0000000005940000, 0x0000000012100000]
 total_blobs=13104 nmethods=12271 adapters=743
 compilation: enabled

Compilation events (10 events):
Event: 217.891 Thread 0x0000000016a82800 14522       2       org.gradle.api.internal.file.pattern.EndOfPathMatcher::matches (12 bytes)
Event: 217.892 Thread 0x0000000016a82800 nmethod 14522 0x0000000004dacfd0 code [0x0000000004dad120, 0x0000000004dad290]
Event: 218.129 Thread 0x0000000016a82800 14524       2       com.android.tools.r8.graph.DexItemFactory::createMethod (12 bytes)
Event: 218.129 Thread 0x0000000016a82800 nmethod 14524 0x0000000004dacbd0 code [0x0000000004dacd40, 0x0000000004dacef8]
Event: 218.129 Thread 0x0000000016a82800 14525       2       com.google.protobuf.UnknownFieldSet::getDefaultInstance (4 bytes)
Event: 218.129 Thread 0x0000000016a82800 nmethod 14525 0x0000000004dac8d0 code [0x0000000004daca20, 0x0000000004dacb50]
Event: 218.131 Thread 0x0000000016a82800 14526   !   2       sun.misc.URLClassPath$JarLoader::getResource (85 bytes)
Event: 218.132 Thread 0x0000000016a82800 nmethod 14526 0x0000000004dabf50 code [0x0000000004dac120, 0x0000000004dac5d8]
Event: 218.134 Thread 0x0000000016a82800 14527   !   2       java.util.zip.ZipFile::getEntry (101 bytes)
Event: 218.135 Thread 0x0000000016a82800 nmethod 14527 0x0000000004dab5d0 code [0x0000000004dab780, 0x0000000004dabc78]

GC Heap History (10 events):
Event: 211.458 GC heap after
Heap after GC invocations=25 (full 3):
 PSYoungGen      total 256000K, used 21390K [0x00000000e0000000, 0x00000000f1580000, 0x0000000100000000)
  eden space 232960K, 0% used [0x00000000e0000000,0x00000000e0000000,0x00000000ee380000)
  from space 23040K, 92% used [0x00000000eff00000,0x00000000f13e3a00,0x00000000f1580000)
  to   space 25600K, 0% used [0x00000000ee380000,0x00000000ee380000,0x00000000efc80000)
 ParOldGen       total 89088K, used 59567K [0x00000000a0000000, 0x00000000a5700000, 0x00000000e0000000)
  object space 89088K, 66% used [0x00000000a0000000,0x00000000a3a2be30,0x00000000a5700000)
 Metaspace       used 80585K, capacity 84456K, committed 84608K, reserved 1122304K
  class space    used 10628K, capacity 11387K, committed 11392K, reserved 1048576K
}
Event: 212.870 GC heap before
{Heap before GC invocations=26 (full 3):
 PSYoungGen      total 256000K, used 254350K [0x00000000e0000000, 0x00000000f1580000, 0x0000000100000000)
  eden space 232960K, 100% used [0x00000000e0000000,0x00000000ee380000,0x00000000ee380000)
  from space 23040K, 92% used [0x00000000eff00000,0x00000000f13e3a00,0x00000000f1580000)
  to   space 25600K, 0% used [0x00000000ee380000,0x00000000ee380000,0x00000000efc80000)
 ParOldGen       total 89088K, used 59567K [0x00000000a0000000, 0x00000000a5700000, 0x00000000e0000000)
  object space 89088K, 66% used [0x00000000a0000000,0x00000000a3a2be30,0x00000000a5700000)
 Metaspace       used 80607K, capacity 84488K, committed 84608K, reserved 1122304K
  class space    used 10630K, capacity 11391K, committed 11392K, reserved 1048576K
Event: 212.914 GC heap after
Heap after GC invocations=26 (full 3):
 PSYoungGen      total 258560K, used 24565K [0x00000000e0000000, 0x00000000f1580000, 0x0000000100000000)
  eden space 232960K, 0% used [0x00000000e0000000,0x00000000e0000000,0x00000000ee380000)
  from space 25600K, 95% used [0x00000000ee380000,0x00000000efb7d6e8,0x00000000efc80000)
  to   space 23040K, 0% used [0x00000000eff00000,0x00000000eff00000,0x00000000f1580000)
 ParOldGen       total 89088K, used 59567K [0x00000000a0000000, 0x00000000a5700000, 0x00000000e0000000)
  object space 89088K, 66% used [0x00000000a0000000,0x00000000a3a2be30,0x00000000a5700000)
 Metaspace       used 80607K, capacity 84488K, committed 84608K, reserved 1122304K
  class space    used 10630K, capacity 11391K, committed 11392K, reserved 1048576K
}
Event: 214.460 GC heap before
{Heap before GC invocations=27 (full 3):
 PSYoungGen      total 258560K, used 257525K [0x00000000e0000000, 0x00000000f1580000, 0x0000000100000000)
  eden space 232960K, 100% used [0x00000000e0000000,0x00000000ee380000,0x00000000ee380000)
  from space 25600K, 95% used [0x00000000ee380000,0x00000000efb7d6e8,0x00000000efc80000)
  to   space 23040K, 0% used [0x00000000eff00000,0x00000000eff00000,0x00000000f1580000)
 ParOldGen       total 89088K, used 59567K [0x00000000a0000000, 0x00000000a5700000, 0x00000000e0000000)
  object space 89088K, 66% used [0x00000000a0000000,0x00000000a3a2be30,0x00000000a5700000)
 Metaspace       used 80703K, capacity 84556K, committed 84608K, reserved 1122304K
  class space    used 10630K, capacity 11391K, committed 11392K, reserved 1048576K
Event: 214.505 GC heap after
Heap after GC invocations=27 (full 3):
 PSYoungGen      total 256000K, used 23014K [0x00000000e0000000, 0x00000000f1580000, 0x0000000100000000)
  eden space 232960K, 0% used [0x00000000e0000000,0x00000000e0000000,0x00000000ee380000)
  from space 23040K, 99% used [0x00000000eff00000,0x00000000f1579ae0,0x00000000f1580000)
  to   space 25600K, 0% used [0x00000000ee380000,0x00000000ee380000,0x00000000efc80000)
 ParOldGen       total 89088K, used 60146K [0x00000000a0000000, 0x00000000a5700000, 0x00000000e0000000)
  object space 89088K, 67% used [0x00000000a0000000,0x00000000a3abc858,0x00000000a5700000)
 Metaspace       used 80703K, capacity 84556K, committed 84608K, reserved 1122304K
  class space    used 10630K, capacity 11391K, committed 11392K, reserved 1048576K
}
Event: 215.912 GC heap before
{Heap before GC invocations=28 (full 3):
 PSYoungGen      total 256000K, used 255974K [0x00000000e0000000, 0x00000000f1580000, 0x0000000100000000)
  eden space 232960K, 100% used [0x00000000e0000000,0x00000000ee380000,0x00000000ee380000)
  from space 23040K, 99% used [0x00000000eff00000,0x00000000f1579ae0,0x00000000f1580000)
  to   space 25600K, 0% used [0x00000000ee380000,0x00000000ee380000,0x00000000efc80000)
 ParOldGen       total 89088K, used 60146K [0x00000000a0000000, 0x00000000a5700000, 0x00000000e0000000)
  object space 89088K, 67% used [0x00000000a0000000,0x00000000a3abc858,0x00000000a5700000)
 Metaspace       used 81297K, capacity 85164K, committed 85504K, reserved 1124352K
  class space    used 10661K, capacity 11423K, committed 11520K, reserved 1048576K
Event: 215.958 GC heap after
Heap after GC invocations=28 (full 3):
 PSYoungGen      total 258560K, used 18645K [0x00000000e0000000, 0x00000000f1580000, 0x0000000100000000)
  eden space 232960K, 0% used [0x00000000e0000000,0x00000000e0000000,0x00000000ee380000)
  from space 25600K, 72% used [0x00000000ee380000,0x00000000ef5b54c0,0x00000000efc80000)
  to   space 23040K, 0% used [0x00000000eff00000,0x00000000eff00000,0x00000000f1580000)
 ParOldGen       total 89088K, used 66325K [0x00000000a0000000, 0x00000000a5700000, 0x00000000e0000000)
  object space 89088K, 74% used [0x00000000a0000000,0x00000000a40c5718,0x00000000a5700000)
 Metaspace       used 81297K, capacity 85164K, committed 85504K, reserved 1124352K
  class space    used 10661K, capacity 11423K, committed 11520K, reserved 1048576K
}
Event: 217.135 GC heap before
{Heap before GC invocations=29 (full 3):
 PSYoungGen      total 258560K, used 251605K [0x00000000e0000000, 0x00000000f1580000, 0x0000000100000000)
  eden space 232960K, 100% used [0x00000000e0000000,0x00000000ee380000,0x00000000ee380000)
  from space 25600K, 72% used [0x00000000ee380000,0x00000000ef5b54c0,0x00000000efc80000)
  to   space 23040K, 0% used [0x00000000eff00000,0x00000000eff00000,0x00000000f1580000)
 ParOldGen       total 89088K, used 66325K [0x00000000a0000000, 0x00000000a5700000, 0x00000000e0000000)
  object space 89088K, 74% used [0x00000000a0000000,0x00000000a40c5718,0x00000000a5700000)
 Metaspace       used 81312K, capacity 85292K, committed 85504K, reserved 1124352K
  class space    used 10661K, capacity 11423K, committed 11520K, reserved 1048576K
Event: 217.186 GC heap after
Heap after GC invocations=29 (full 3):
 PSYoungGen      total 256000K, used 21958K [0x00000000e0000000, 0x00000000f1580000, 0x0000000100000000)
  eden space 232960K, 0% used [0x00000000e0000000,0x00000000e0000000,0x00000000ee380000)
  from space 23040K, 95% used [0x00000000eff00000,0x00000000f14718e0,0x00000000f1580000)
  to   space 25600K, 0% used [0x00000000ee380000,0x00000000ee380000,0x00000000efc80000)
 ParOldGen       total 89088K, used 66333K [0x00000000a0000000, 0x00000000a5700000, 0x00000000e0000000)
  object space 89088K, 74% used [0x00000000a0000000,0x00000000a40c7718,0x00000000a5700000)
 Metaspace       used 81312K, capacity 85292K, committed 85504K, reserved 1124352K
  class space    used 10661K, capacity 11423K, committed 11520K, reserved 1048576K
}
Event: 218.139 GC heap before
{Heap before GC invocations=30 (full 3):
 PSYoungGen      total 256000K, used 224884K [0x00000000e0000000, 0x00000000f1580000, 0x0000000100000000)
  eden space 232960K, 87% used [0x00000000e0000000,0x00000000ec62b9b0,0x00000000ee380000)
  from space 23040K, 95% used [0x00000000eff00000,0x00000000f14718e0,0x00000000f1580000)
  to   space 25600K, 0% used [0x00000000ee380000,0x00000000ee380000,0x00000000efc80000)
 ParOldGen       total 89088K, used 66333K [0x00000000a0000000, 0x00000000a5700000, 0x00000000e0000000)
  object space 89088K, 74% used [0x00000000a0000000,0x00000000a40c7718,0x00000000a5700000)
 Metaspace       used 81405K, capacity 85316K, committed 85504K, reserved 1128448K
  class space    used 10673K, capacity 11429K, committed 11520K, reserved 1048576K

Deoptimization events (10 events):
Event: 213.848 Thread 0x0000000019d80800 Uncommon trap: reason=unstable_if action=reinterpret pc=0x0000000005665680 method=com.android.tools.r8.ir.optimize.g.a(Lcom/android/tools/r8/ir/code/IRCode;)V @ 168
Event: 214.038 Thread 0x000000001d7b6800 Uncommon trap: reason=unstable_if action=reinterpret pc=0x0000000004f72bdc method=com.android.tools.r8.graph.DexString.slowCompareTo(Lcom/android/tools/r8/graph/DexString;)I @ 141
Event: 214.599 Thread 0x000000001ff6a000 Uncommon trap: reason=unstable_if action=reinterpret pc=0x0000000004d7f598 method=kotlin.text.StringsKt__StringsJVMKt.endsWith(Ljava/lang/String;Ljava/lang/String;Z)Z @ 14
Event: 214.622 Thread 0x000000001ff6a000 Uncommon trap: reason=unstable_if action=reinterpret pc=0x0000000003d2b0fc method=com.google.gson.stream.JsonReader.nextNonWhitespace(Z)I @ 277
Event: 214.732 Thread 0x000000001ff6a000 Uncommon trap: reason=unstable_if action=reinterpret pc=0x0000000004e1d11c method=sun.nio.fs.WindowsPathParser.isSlash(C)Z @ 9
Event: 214.806 Thread 0x000000001d7b6000 Uncommon trap: reason=predicate action=maybe_recompile pc=0x0000000004389748 method=java.util.Collections.indexedBinarySearch(Ljava/util/List;Ljava/lang/Object;)I @ 16
Event: 215.061 Thread 0x000000001ff6a000 Uncommon trap: reason=unstable_if action=reinterpret pc=0x0000000003214d78 method=sun.nio.fs.WindowsPathParser.isSlash(C)Z @ 9
Event: 215.066 Thread 0x000000001d7b6800 Uncommon trap: reason=unstable_if action=reinterpret pc=0x0000000004e49988 method=kotlin.text.StringsKt__StringsKt.contains(Ljava/lang/CharSequence;Ljava/lang/CharSequence;Z)Z @ 32
Event: 217.859 Thread 0x000000001d7b6800 Uncommon trap: reason=unstable_if action=reinterpret pc=0x00000000033188e4 method=org.gradle.api.internal.file.pattern.FixedStepPathMatcher.matches([Ljava/lang/String;I)Z @ 35
Event: 218.029 Thread 0x000000001d7b6800 Uncommon trap: reason=class_check action=maybe_recompile pc=0x000000000485b11c method=java.lang.StringCoding.encode(Ljava/nio/charset/Charset;[CII)[B @ 1

Classes redefined (0 events):
No events

Internal exceptions (10 events):
Event: 211.927 Thread 0x000000001ff6b000 Exception <a 'sun/nio/fs/WindowsException'> (0x00000000e4713c60) thrown at [D:\src\AOSP-openjdk-cygwin\jdk8u\hotspot\src\share\vm\prims\jni.cpp, line 710]
Event: 212.263 Thread 0x000000001ff6b000 Exception <a 'sun/nio/fs/WindowsException'> (0x00000000e7ea07a8) thrown at [D:\src\AOSP-openjdk-cygwin\jdk8u\hotspot\src\share\vm\prims\jni.cpp, line 710]
Event: 214.287 Thread 0x000000001ff6a000 Exception <a 'sun/nio/fs/WindowsException'> (0x00000000ecd55b60) thrown at [D:\src\AOSP-openjdk-cygwin\jdk8u\hotspot\src\share\vm\prims\jni.cpp, line 710]
Event: 214.587 Thread 0x000000001d7b6800 Exception <a 'sun/nio/fs/WindowsException'> (0x00000000e0a430c0) thrown at [D:\src\AOSP-openjdk-cygwin\jdk8u\hotspot\src\share\vm\prims\jni.cpp, line 710]
Event: 215.607 Thread 0x000000001d7b6800 Exception <a 'sun/nio/fs/WindowsException'> (0x00000000e6653b08) thrown at [D:\src\AOSP-openjdk-cygwin\jdk8u\hotspot\src\share\vm\prims\jni.cpp, line 710]
Event: 216.526 Thread 0x000000001ff6a000 Exception <a 'sun/nio/fs/WindowsException'> (0x00000000e751a2e0) thrown at [D:\src\AOSP-openjdk-cygwin\jdk8u\hotspot\src\share\vm\prims\jni.cpp, line 710]
Event: 216.831 Thread 0x000000001ff6b000 Exception <a 'sun/nio/fs/WindowsException'> (0x00000000ea7b8308) thrown at [D:\src\AOSP-openjdk-cygwin\jdk8u\hotspot\src\share\vm\prims\jni.cpp, line 710]
Event: 217.514 Thread 0x000000001d7b6800 Exception <a 'sun/nio/fs/WindowsException'> (0x00000000e499dbd0) thrown at [D:\src\AOSP-openjdk-cygwin\jdk8u\hotspot\src\share\vm\prims\jni.cpp, line 710]
Event: 218.010 Thread 0x000000001ff6b000 Exception <a 'sun/nio/fs/WindowsException'> (0x00000000eabe50e0) thrown at [D:\src\AOSP-openjdk-cygwin\jdk8u\hotspot\src\share\vm\prims\jni.cpp, line 710]
Event: 218.134 Thread 0x000000001d7b6800 Exception <a 'sun/nio/fs/WindowsException'> (0x00000000ec524020) thrown at [D:\src\AOSP-openjdk-cygwin\jdk8u\hotspot\src\share\vm\prims\jni.cpp, line 710]

Events (10 events):
Event: 218.108 loading class com/google/protobuf/UnknownFieldSet$Builder done
Event: 218.130 loading class com/android/build/gradle/internal/pipeline/TransformTask$2
Event: 218.130 loading class com/android/build/gradle/internal/pipeline/TransformTask$2 done
Event: 218.131 loading class com/android/build/gradle/internal/pipeline/TransformInvocationBuilder
Event: 218.131 loading class com/android/build/gradle/internal/pipeline/TransformInvocationBuilder done
Event: 218.132 loading class com/android/build/api/transform/TransformInvocation
Event: 218.133 loading class com/android/build/api/transform/TransformInvocation done
Event: 218.134 loading class com/android/build/gradle/internal/pipeline/IntermediateFolderUtils
Event: 218.134 loading class com/android/build/gradle/internal/pipeline/IntermediateFolderUtils done
Event: 218.137 Executing VM operation: CollectForMetadataAllocation


Dynamic libraries:
0x00007ff6c6a70000 - 0x00007ff6c6aa1000 	C:\Program Files\Android\Android Studio\jre\bin\java.exe
0x00007ffe32090000 - 0x00007ffe3227d000 	C:\Windows\SYSTEM32\ntdll.dll
0x00007ffe2f730000 - 0x00007ffe2f7e3000 	C:\Windows\System32\KERNEL32.DLL
0x00007ffe2e260000 - 0x00007ffe2e4f3000 	C:\Windows\System32\KERNELBASE.dll
0x00007ffe2f360000 - 0x00007ffe2f403000 	C:\Windows\System32\ADVAPI32.dll
0x00007ffe2f690000 - 0x00007ffe2f72e000 	C:\Windows\System32\msvcrt.dll
0x00007ffe2f7f0000 - 0x00007ffe2f88e000 	C:\Windows\System32\sechost.dll
0x00007ffe31f30000 - 0x00007ffe32052000 	C:\Windows\System32\RPCRT4.dll
0x00007ffe2fd40000 - 0x00007ffe2fed7000 	C:\Windows\System32\USER32.dll
0x00007ffe2eac0000 - 0x00007ffe2eae0000 	C:\Windows\System32\win32u.dll
0x00007ffe2f890000 - 0x00007ffe2f8b9000 	C:\Windows\System32\GDI32.dll
0x00007ffe2e820000 - 0x00007ffe2e9b9000 	C:\Windows\System32\gdi32full.dll
0x00007ffe2e6e0000 - 0x00007ffe2e780000 	C:\Windows\System32\msvcp_win.dll
0x00007ffe2e9c0000 - 0x00007ffe2eaba000 	C:\Windows\System32\ucrtbase.dll
0x00007ffe1e1f0000 - 0x00007ffe1e469000 	C:\Windows\WinSxS\amd64_microsoft.windows.common-controls_6595b64144ccf1df_6.0.17763.802_none_05b1445c0722d2cc\COMCTL32.dll
0x00007ffe30100000 - 0x00007ffe3042c000 	C:\Windows\System32\combase.dll
0x00007ffe2e7a0000 - 0x00007ffe2e81e000 	C:\Windows\System32\bcryptPrimitives.dll
0x00007ffe2f2b0000 - 0x00007ffe2f2de000 	C:\Windows\System32\IMM32.DLL
0x000000006a060000 - 0x000000006a132000 	C:\Program Files\Android\Android Studio\jre\jre\bin\msvcr100.dll
0x000000006a220000 - 0x000000006aa66000 	C:\Program Files\Android\Android Studio\jre\jre\bin\server\jvm.dll
0x00007ffe31f20000 - 0x00007ffe31f28000 	C:\Windows\System32\PSAPI.DLL
0x00007ffe2abb0000 - 0x00007ffe2abb9000 	C:\Windows\SYSTEM32\WSOCK32.dll
0x00007ffe2bcc0000 - 0x00007ffe2bce4000 	C:\Windows\SYSTEM32\WINMM.dll
0x00007ffe31a60000 - 0x00007ffe31acd000 	C:\Windows\System32\WS2_32.dll
0x00007ffe23a10000 - 0x00007ffe23a1a000 	C:\Windows\SYSTEM32\VERSION.dll
0x00007ffe2bc90000 - 0x00007ffe2bcbd000 	C:\Windows\SYSTEM32\WINMMBASE.dll
0x00007ffe2f230000 - 0x00007ffe2f27a000 	C:\Windows\System32\cfgmgr32.dll
0x00007ffe2aba0000 - 0x00007ffe2abaf000 	C:\Program Files\Android\Android Studio\jre\jre\bin\verify.dll
0x00007ffe2ab70000 - 0x00007ffe2ab99000 	C:\Program Files\Android\Android Studio\jre\jre\bin\java.dll
0x00007ffe2ab50000 - 0x00007ffe2ab66000 	C:\Program Files\Android\Android Studio\jre\jre\bin\zip.dll
0x00007ffe30540000 - 0x00007ffe31a34000 	C:\Windows\System32\SHELL32.dll
0x00007ffe30430000 - 0x00007ffe304d8000 	C:\Windows\System32\shcore.dll
0x00007ffe2eae0000 - 0x00007ffe2f22d000 	C:\Windows\System32\windows.storage.dll
0x00007ffe2e080000 - 0x00007ffe2e0a4000 	C:\Windows\System32\profapi.dll
0x00007ffe2e0b0000 - 0x00007ffe2e10d000 	C:\Windows\System32\powrprof.dll
0x00007ffe2ff40000 - 0x00007ffe2ff92000 	C:\Windows\System32\shlwapi.dll
0x00007ffe2e130000 - 0x00007ffe2e141000 	C:\Windows\System32\kernel.appcore.dll
0x00007ffe2e780000 - 0x00007ffe2e797000 	C:\Windows\System32\cryptsp.dll
0x00007ffe2ab30000 - 0x00007ffe2ab4a000 	C:\Program Files\Android\Android Studio\jre\jre\bin\net.dll
0x00007ffe2d890000 - 0x00007ffe2d8f7000 	C:\Windows\system32\mswsock.dll
0x00007ffe2ab10000 - 0x00007ffe2ab21000 	C:\Program Files\Android\Android Studio\jre\jre\bin\nio.dll
0x00007ffe1c070000 - 0x00007ffe1c096000 	C:\Users\Home\.gradle\native\29\windows-amd64\native-platform.dll
0x00007ffe2ab00000 - 0x00007ffe2ab0d000 	C:\Program Files\Android\Android Studio\jre\jre\bin\management.dll
0x00007ffe2d410000 - 0x00007ffe2d443000 	C:\Windows\system32\rsaenh.dll
0x00007ffe2f280000 - 0x00007ffe2f2a6000 	C:\Windows\System32\bcrypt.dll
0x00007ffe2df80000 - 0x00007ffe2dfa8000 	C:\Windows\SYSTEM32\USERENV.dll
0x00007ffe2da60000 - 0x00007ffe2da6c000 	C:\Windows\SYSTEM32\CRYPTBASE.dll
0x00007ffe2d5b0000 - 0x00007ffe2d5ed000 	C:\Windows\SYSTEM32\IPHLPAPI.DLL
0x00007ffe2f410000 - 0x00007ffe2f418000 	C:\Windows\System32\NSI.dll
0x00007ffe284d0000 - 0x00007ffe284e6000 	C:\Windows\SYSTEM32\dhcpcsvc6.DLL
0x00007ffe27f80000 - 0x00007ffe27f9c000 	C:\Windows\SYSTEM32\dhcpcsvc.DLL
0x00007ffe2d5f0000 - 0x00007ffe2d6b6000 	C:\Windows\SYSTEM32\DNSAPI.dll

VM Arguments:
jvm_args: -Xmx1536m -Dfile.encoding=windows-1251 -Duser.country=RU -Duser.language=ru -Duser.variant 
java_command: org.gradle.launcher.daemon.bootstrap.GradleDaemon 5.4.1
java_class_path (initial): C:\Users\Home\.gradle\wrapper\dists\gradle-5.4.1-all\3221gyojl5jsh0helicew7rwx\gradle-5.4.1\lib\gradle-launcher-5.4.1.jar
Launcher Type: SUN_STANDARD

Environment Variables:
PATH=C:\Program Files (x86)\Common Files\Oracle\Java\javapath;C:\Windows\system32;C:\Windows;C:\Windows\System32\Wbem;C:\Windows\System32\WindowsPowerShell\v1.0\;C:\Windows\System32\OpenSSH\;C:\Users\Home\AppData\Local\Microsoft\WindowsApps;
USERNAME=Home
OS=Windows_NT
PROCESSOR_IDENTIFIER=Intel64 Family 6 Model 42 Stepping 7, GenuineIntel



---------------  S Y S T E M  ---------------

OS: Windows 10.0 , 64 bit Build 17763 (10.0.17763.475)

CPU:total 4 (initial active 4) (2 cores per cpu, 2 threads per core) family 6 model 42 stepping 7, cmov, cx8, fxsr, mmx, sse, sse2, sse3, ssse3, sse4.1, sse4.2, popcnt, avx, clmul, ht, tsc, tscinvbit

Memory: 4k page, physical 4026732k(507404k free), swap 4845932k(5156k free)

vm_info: OpenJDK 64-Bit Server VM (25.202-b03) for windows-amd64 JRE (1.8.0_202-release-1483-b03), built by "builder" with MS VC++ 10.0 (VS2010)

time: Sun Oct 27 16:32:51 2019
timezone: RTZ 2 (зима)
elapsed time: 218 seconds (0d 0h 3m 38s)

