#
# There is insufficient memory for the Java Runtime Environment to continue.
# Native memory allocation (malloc) failed to allocate 131088 bytes for Chunk::new
# Possible reasons:
#   The system is out of physical RAM or swap space
#   The process is running with CompressedOops enabled, and the Java Heap may be blocking the growth of the native heap
# Possible solutions:
#   Reduce memory load on the system
#   Increase physical memory or swap space
#   Check if swap backing store is full
#   Decrease Java heap size (-Xmx/-Xms)
#   Decrease number of Java threads
#   Decrease Java thread stack sizes (-Xss)
#   Set larger code cache with -XX:ReservedCodeCacheSize=
#   JVM is running with Unscaled Compressed Oops mode in which the Java heap is
#     placed in the first 4GB address space. The Java Heap base address is the
#     maximum limit for the native heap growth. Please use -XX:HeapBaseMinAddress
#     to set the Java Heap base and to place the Java Heap above 4GB virtual address.
# This output file may be truncated or incomplete.
#
#  Out of Memory Error (allocation.cpp:389), pid=3580, tid=0x00000000000008f8
#
# JRE version: OpenJDK Runtime Environment (8.0_202-b03) (build 1.8.0_202-release-1483-b03)
# Java VM: OpenJDK 64-Bit Server VM (25.202-b03 mixed mode windows-amd64 compressed oops)
# Failed to write core dump. Minidumps are not enabled by default on client versions of Windows
#

---------------  T H R E A D  ---------------

Current thread (0x000000001640b000):  JavaThread "C2 CompilerThread1" daemon [_thread_in_native, id=2296, stack(0x0000000017b60000,0x0000000017c60000)]

Stack: [0x0000000017b60000,0x0000000017c60000]
[error occurred during error reporting (printing stack bounds), id 0xc0000005]

Native frames: (J=compiled Java code, j=interpreted, Vv=VM code, C=native code)


Current CompileTask:
C2:1426001 19422       4       com.android.tools.r8.ir.code.Phi::a (339 bytes)


---------------  P R O C E S S  ---------------

Java Threads: ( => current thread )
  0x000000001ec87000 JavaThread "WorkerExecutor Queue Thread 3" [_thread_blocked, id=1160, stack(0x000000002cb70000,0x000000002cc70000)]
  0x000000001ec86000 JavaThread "Cache worker for Java compile cache (D:\MyMap\.gradle\5.4.1\javaCompile)" [_thread_blocked, id=4284, stack(0x000000002ca70000,0x000000002cb70000)]
  0x000000001ec7e800 JavaThread "Cache worker for Java compile cache (C:\Users\Home\.gradle\caches\5.4.1\javaCompile)" [_thread_blocked, id=2740, stack(0x000000002c970000,0x000000002ca70000)]
  0x000000001ec84800 JavaThread "stdout" [_thread_in_native, id=5748, stack(0x000000002c870000,0x000000002c970000)]
  0x000000001ec82800 JavaThread "stderr" [_thread_in_native, id=5484, stack(0x000000002c770000,0x000000002c870000)]
  0x000000001ec83000 JavaThread "pool-12-thread-1" [_thread_blocked, id=6912, stack(0x000000002c670000,0x000000002c770000)]
  0x000000001ec7c800 JavaThread "WorkerExecutor Queue Thread 2" [_thread_in_native, id=6704, stack(0x000000002c570000,0x000000002c670000)]
  0x000000001ec81800 JavaThread "WorkerExecutor Queue" [_thread_blocked, id=5640, stack(0x000000002c470000,0x000000002c570000)]
  0x000000001c2e5800 JavaThread "Cache worker for execution history cache (D:\MyMap\.gradle\5.4.1\executionHistory)" [_thread_blocked, id=5336, stack(0x000000002c370000,0x000000002c470000)]
  0x000000001c2e4000 JavaThread "Execution worker for ':' Thread 3" [_thread_in_Java, id=6936, stack(0x000000002c270000,0x000000002c370000)]
  0x000000001c2e2000 JavaThread "Execution worker for ':' Thread 2" [_thread_blocked, id=4516, stack(0x000000002c170000,0x000000002c270000)]
  0x000000001c2e1000 JavaThread "Execution worker for ':'" [_thread_in_Java, id=1060, stack(0x000000002c070000,0x000000002c170000)]
  0x000000001c2e0800 JavaThread "Cache worker for file content cache (D:\MyMap\.gradle\5.4.1\fileContent)" [_thread_blocked, id=1776, stack(0x000000002bf70000,0x000000002c070000)]
  0x000000001c2e7000 JavaThread "Cache worker for Build Output Cleanup Cache (D:\MyMap\.gradle\buildOutputCleanup)" [_thread_blocked, id=1248, stack(0x000000002be70000,0x000000002bf70000)]
  0x000000001c2df800 JavaThread "Build operations Thread 4" [_thread_blocked, id=196, stack(0x000000002bd70000,0x000000002be70000)]
  0x000000001c2e3800 JavaThread "Build operations Thread 3" [_thread_blocked, id=5100, stack(0x000000002bc70000,0x000000002bd70000)]
  0x000000001c2e2800 JavaThread "Build operations Thread 2" [_thread_blocked, id=6580, stack(0x000000002bb70000,0x000000002bc70000)]
  0x000000001c2e6800 JavaThread "Build operations" [_thread_blocked, id=5624, stack(0x000000002ba70000,0x000000002bb70000)]
  0x000000001c2e5000 JavaThread "Cache worker for cache directory md-rule (C:\Users\Home\.gradle\caches\5.4.1\md-rule)" [_thread_blocked, id=1768, stack(0x000000002b970000,0x000000002ba70000)]
  0x000000001c2d8000 JavaThread "Cache worker for cache directory md-supplier (C:\Users\Home\.gradle\caches\5.4.1\md-supplier)" [_thread_blocked, id=1124, stack(0x000000002b870000,0x000000002b970000)]
  0x000000001c2dd800 JavaThread "Cache worker for file hash cache (D:\MyMap\.gradle\5.4.1\fileHashes)" [_thread_blocked, id=4204, stack(0x000000002b770000,0x000000002b870000)]
  0x000000001c2dc800 JavaThread "Thread-113" [_thread_blocked, id=6780, stack(0x000000002b670000,0x000000002b770000)]
  0x000000001c2dc000 JavaThread "Stdin handler" [_thread_blocked, id=5952, stack(0x000000002b570000,0x000000002b670000)]
  0x000000001c2df000 JavaThread "Asynchronous log dispatcher for DefaultDaemonConnection: socket connection from /127.0.0.1:50204 to /127.0.0.1:50264" [_thread_blocked, id=6064, stack(0x000000002b470000,0x000000002b570000)]
  0x000000001c2d9800 JavaThread "Daemon worker Thread 6" [_thread_blocked, id=6020, stack(0x000000002b370000,0x000000002b470000)]
  0x000000001c2de000 JavaThread "Cancel handler" [_thread_blocked, id=4100, stack(0x000000002b270000,0x000000002b370000)]
  0x000000001c2db000 JavaThread "Handler for socket connection from /127.0.0.1:50204 to /127.0.0.1:50264" [_thread_in_native, id=1040, stack(0x000000002b170000,0x000000002b270000)]
  0x000000001c2da800 JavaThread "Daemon Thread 6" [_thread_blocked, id=6840, stack(0x000000002b070000,0x000000002b170000)]
  0x000000001ec84000 JavaThread "Cache worker for file content cache (C:\Users\Home\.gradle\caches\5.4.1\fileContent)" [_thread_blocked, id=4480, stack(0x0000000029770000,0x0000000029870000)]
  0x000000001c0b1800 JavaThread "Memory manager" [_thread_blocked, id=3272, stack(0x00000000226e0000,0x00000000227e0000)]
  0x000000001961f800 JavaThread "Cache worker for execution history cache (C:\Users\Home\.gradle\caches\5.4.1\executionHistory)" [_thread_blocked, id=1148, stack(0x0000000020060000,0x0000000020160000)]
  0x0000000019620800 JavaThread "Cache worker for journal cache (C:\Users\Home\.gradle\caches\journal-1)" [_thread_blocked, id=1412, stack(0x000000001afc0000,0x000000001b0c0000)]
  0x000000001961d800 JavaThread "File lock request listener" [_thread_in_native, id=3880, stack(0x000000001aec0000,0x000000001afc0000)]
  0x0000000019618000 JavaThread "Cache worker for file hash cache (C:\Users\Home\.gradle\caches\5.4.1\fileHashes)" [_thread_blocked, id=5456, stack(0x000000001adc0000,0x000000001aec0000)]
  0x000000001989c800 JavaThread "Daemon periodic checks" [_thread_blocked, id=1052, stack(0x000000001a3c0000,0x000000001a4c0000)]
  0x0000000019864800 JavaThread "Incoming local TCP Connector on port 50204" [_thread_in_native, id=6712, stack(0x000000001a170000,0x000000001a270000)]
  0x000000001955d800 JavaThread "Daemon health stats" [_thread_blocked, id=6772, stack(0x0000000019b30000,0x0000000019c30000)]
  0x0000000017da0000 JavaThread "Service Thread" daemon [_thread_blocked, id=3848, stack(0x0000000018160000,0x0000000018260000)]
  0x000000001641d000 JavaThread "C1 CompilerThread2" daemon [_thread_in_native, id=3236, stack(0x0000000017c60000,0x0000000017d60000)]
=>0x000000001640b000 JavaThread "C2 CompilerThread1" daemon [_thread_in_native, id=2296, stack(0x0000000017b60000,0x0000000017c60000)]
  0x0000000016401800 JavaThread "C2 CompilerThread0" daemon [_thread_in_native, id=6008, stack(0x0000000017a60000,0x0000000017b60000)]
  0x0000000016400800 JavaThread "Attach Listener" daemon [_thread_blocked, id=1988, stack(0x0000000017960000,0x0000000017a60000)]
  0x0000000016406800 JavaThread "Signal Dispatcher" daemon [_thread_blocked, id=5660, stack(0x0000000017860000,0x0000000017960000)]
  0x0000000002a8a800 JavaThread "Finalizer" daemon [_thread_blocked, id=4396, stack(0x0000000017660000,0x0000000017760000)]
  0x00000000163e9000 JavaThread "Reference Handler" daemon [_thread_blocked, id=3136, stack(0x0000000017560000,0x0000000017660000)]
  0x00000000007dd800 JavaThread "main" [_thread_blocked, id=4192, stack(0x00000000027e0000,0x00000000028e0000)]

Other Threads:
  0x00000000163c4800 VMThread [stack: 0x0000000017460000,0x0000000017560000] [id=5684]
  0x000000001645d000 WatcherThread [stack: 0x0000000018260000,0x0000000018360000] [id=1900]

VM state:not at safepoint (normal execution)

VM Mutex/Monitor currently owned by a thread: None

heap address: 0x00000000a0000000, size: 1536 MB, Compressed Oops mode: 32-bit
Narrow klass base: 0x0000000000000000, Narrow klass shift: 3
Compressed class space size: 1073741824 Address: 0x0000000100000000

Heap:
 PSYoungGen      total 266752K, used 126896K [0x00000000e0000000, 0x00000000f3b00000, 0x0000000100000000)
  eden space 220160K, 57% used [0x00000000e0000000,0x00000000e7bec118,0x00000000ed700000)
  from space 46592K, 0% used [0x00000000f0700000,0x00000000f0700000,0x00000000f3480000)
  to   space 49152K, 0% used [0x00000000ed700000,0x00000000ed700000,0x00000000f0700000)
 ParOldGen       total 156672K, used 69731K [0x00000000a0000000, 0x00000000a9900000, 0x00000000e0000000)
  object space 156672K, 44% used [0x00000000a0000000,0x00000000a4418d38,0x00000000a9900000)
 Metaspace       used 97133K, capacity 101889K, committed 102232K, reserved 1138688K
  class space    used 12374K, capacity 13283K, committed 13400K, reserved 1048576K

Card table byte_map: [0x0000000011e50000,0x0000000012160000] byte_map_base: 0x0000000011950000

Marking Bits: (ParMarkBitMap*) 0x000000006a9e9f30
 Begin Bits: [0x0000000012760000, 0x0000000013f60000)
 End Bits:   [0x0000000013f60000, 0x0000000015760000)

Polling page: 0x0000000000bf0000

CodeCache: size=245760Kb used=56209Kb max_used=57029Kb free=189550Kb
 bounds [0x0000000002a90000, 0x00000000062f0000, 0x0000000011a90000]
 total_blobs=16981 nmethods=16073 adapters=817
 compilation: enabled

Compilation events (10 events):
Event: 1425.993 Thread 0x000000001641d000 19774       2       com.android.tools.r8.ir.code.If::<init> (12 bytes)
Event: 1425.994 Thread 0x000000001641d000 nmethod 19774 0x0000000005946590 code [0x0000000005946700, 0x00000000059468a8]
Event: 1425.994 Thread 0x000000001641d000 19775       2       com.android.tools.r8.ir.code.JumpInstruction::<init> (7 bytes)
Event: 1425.994 Thread 0x000000001641d000 nmethod 19775 0x00000000048adb10 code [0x00000000048adc80, 0x00000000048adde8]
Event: 1425.994 Thread 0x000000001641d000 19776       2       com.android.tools.r8.ir.conversion.N::e (111 bytes)
Event: 1425.995 Thread 0x000000001641d000 nmethod 19776 0x00000000048ad1d0 code [0x00000000048ad380, 0x00000000048ad898]
Event: 1425.995 Thread 0x000000001641d000 19778       2       com.android.tools.r8.ir.code.If::<init> (12 bytes)
Event: 1425.995 Thread 0x000000001641d000 nmethod 19778 0x00000000048acdd0 code [0x00000000048acf40, 0x00000000048ad0e8]
Event: 1425.996 Thread 0x000000001641d000 19777       2       com.android.tools.r8.ir.conversion.IRBuilder::a (11 bytes)
Event: 1425.996 Thread 0x000000001641d000 nmethod 19777 0x0000000005afcb10 code [0x0000000005afcc80, 0x0000000005afce38]

GC Heap History (10 events):
Event: 1407.452 GC heap before
{Heap before GC invocations=22 (full 3):
 PSYoungGen      total 221696K, used 221293K [0x00000000e0000000, 0x00000000f1b00000, 0x0000000100000000)
  eden space 197632K, 100% used [0x00000000e0000000,0x00000000ec100000,0x00000000ec100000)
  from space 24064K, 98% used [0x00000000f0380000,0x00000000f1a9b570,0x00000000f1b00000)
  to   space 37376K, 0% used [0x00000000ed200000,0x00000000ed200000,0x00000000ef680000)
 ParOldGen       total 89088K, used 59468K [0x00000000a0000000, 0x00000000a5700000, 0x00000000e0000000)
  object space 89088K, 66% used [0x00000000a0000000,0x00000000a3a13158,0x00000000a5700000)
 Metaspace       used 82017K, capacity 86502K, committed 86616K, reserved 1124352K
  class space    used 10468K, capacity 11321K, committed 11352K, reserved 1048576K
Event: 1407.572 GC heap after
Heap after GC invocations=22 (full 3):
 PSYoungGen      total 214016K, used 23612K [0x00000000e0000000, 0x00000000f0480000, 0x0000000100000000)
  eden space 189952K, 0% used [0x00000000e0000000,0x00000000e0000000,0x00000000eb980000)
  from space 24064K, 98% used [0x00000000ed200000,0x00000000ee90f230,0x00000000ee980000)
  to   space 27648K, 0% used [0x00000000ee980000,0x00000000ee980000,0x00000000f0480000)
 ParOldGen       total 89088K, used 59476K [0x00000000a0000000, 0x00000000a5700000, 0x00000000e0000000)
  object space 89088K, 66% used [0x00000000a0000000,0x00000000a3a15158,0x00000000a5700000)
 Metaspace       used 82017K, capacity 86502K, committed 86616K, reserved 1124352K
  class space    used 10468K, capacity 11321K, committed 11352K, reserved 1048576K
}
Event: 1412.184 GC heap before
{Heap before GC invocations=23 (full 3):
 PSYoungGen      total 214016K, used 213564K [0x00000000e0000000, 0x00000000f0480000, 0x0000000100000000)
  eden space 189952K, 100% used [0x00000000e0000000,0x00000000eb980000,0x00000000eb980000)
  from space 24064K, 98% used [0x00000000ed200000,0x00000000ee90f230,0x00000000ee980000)
  to   space 27648K, 0% used [0x00000000ee980000,0x00000000ee980000,0x00000000f0480000)
 ParOldGen       total 89088K, used 59476K [0x00000000a0000000, 0x00000000a5700000, 0x00000000e0000000)
  object space 89088K, 66% used [0x00000000a0000000,0x00000000a3a15158,0x00000000a5700000)
 Metaspace       used 82545K, capacity 87022K, committed 87256K, reserved 1124352K
  class space    used 10518K, capacity 11387K, committed 11480K, reserved 1048576K
Event: 1412.266 GC heap after
Heap after GC invocations=23 (full 3):
 PSYoungGen      total 227328K, used 24554K [0x00000000e0000000, 0x00000000f1880000, 0x0000000100000000)
  eden space 199680K, 0% used [0x00000000e0000000,0x00000000e0000000,0x00000000ec300000)
  from space 27648K, 88% used [0x00000000ee980000,0x00000000f017abf0,0x00000000f0480000)
  to   space 39424K, 0% used [0x00000000ec300000,0x00000000ec300000,0x00000000ee980000)
 ParOldGen       total 89088K, used 59484K [0x00000000a0000000, 0x00000000a5700000, 0x00000000e0000000)
  object space 89088K, 66% used [0x00000000a0000000,0x00000000a3a17158,0x00000000a5700000)
 Metaspace       used 82545K, capacity 87022K, committed 87256K, reserved 1124352K
  class space    used 10518K, capacity 11387K, committed 11480K, reserved 1048576K
}
Event: 1415.268 GC heap before
{Heap before GC invocations=24 (full 3):
 PSYoungGen      total 227328K, used 224234K [0x00000000e0000000, 0x00000000f1880000, 0x0000000100000000)
  eden space 199680K, 100% used [0x00000000e0000000,0x00000000ec300000,0x00000000ec300000)
  from space 27648K, 88% used [0x00000000ee980000,0x00000000f017abf0,0x00000000f0480000)
  to   space 39424K, 0% used [0x00000000ec300000,0x00000000ec300000,0x00000000ee980000)
 ParOldGen       total 89088K, used 59484K [0x00000000a0000000, 0x00000000a5700000, 0x00000000e0000000)
  object space 89088K, 66% used [0x00000000a0000000,0x00000000a3a17158,0x00000000a5700000)
 Metaspace       used 86837K, capacity 91278K, committed 91352K, reserved 1128448K
  class space    used 11045K, capacity 11931K, committed 11992K, reserved 1048576K
Event: 1415.330 GC heap after
Heap after GC invocations=24 (full 3):
 PSYoungGen      total 239104K, used 39408K [0x00000000e0000000, 0x00000000f3480000, 0x0000000100000000)
  eden space 199680K, 0% used [0x00000000e0000000,0x00000000e0000000,0x00000000ec300000)
  from space 39424K, 99% used [0x00000000ec300000,0x00000000ee97c380,0x00000000ee980000)
  to   space 46592K, 0% used [0x00000000f0700000,0x00000000f0700000,0x00000000f3480000)
 ParOldGen       total 89088K, used 62543K [0x00000000a0000000, 0x00000000a5700000, 0x00000000e0000000)
  object space 89088K, 70% used [0x00000000a0000000,0x00000000a3d13ed8,0x00000000a5700000)
 Metaspace       used 86837K, capacity 91278K, committed 91352K, reserved 1128448K
  class space    used 11045K, capacity 11931K, committed 11992K, reserved 1048576K
}
Event: 1422.500 GC heap before
{Heap before GC invocations=25 (full 3):
 PSYoungGen      total 239104K, used 234270K [0x00000000e0000000, 0x00000000f3480000, 0x0000000100000000)
  eden space 199680K, 97% used [0x00000000e0000000,0x00000000ebe4b530,0x00000000ec300000)
  from space 39424K, 99% used [0x00000000ec300000,0x00000000ee97c380,0x00000000ee980000)
  to   space 46592K, 0% used [0x00000000f0700000,0x00000000f0700000,0x00000000f3480000)
 ParOldGen       total 89088K, used 62543K [0x00000000a0000000, 0x00000000a5700000, 0x00000000e0000000)
  object space 89088K, 70% used [0x00000000a0000000,0x00000000a3d13ed8,0x00000000a5700000)
 Metaspace       used 93759K, capacity 98485K, committed 98496K, reserved 1134592K
  class space    used 11995K, capacity 12877K, committed 12888K, reserved 1048576K
Event: 1422.615 GC heap after
Heap after GC invocations=25 (full 3):
 PSYoungGen      total 266752K, used 33956K [0x00000000e0000000, 0x00000000f3b00000, 0x0000000100000000)
  eden space 220160K, 0% used [0x00000000e0000000,0x00000000e0000000,0x00000000ed700000)
  from space 46592K, 72% used [0x00000000f0700000,0x00000000f28290e0,0x00000000f3480000)
  to   space 49152K, 0% used [0x00000000ed700000,0x00000000ed700000,0x00000000f0700000)
 ParOldGen       total 89088K, used 75817K [0x00000000a0000000, 0x00000000a5700000, 0x00000000e0000000)
  object space 89088K, 85% used [0x00000000a0000000,0x00000000a4a0a698,0x00000000a5700000)
 Metaspace       used 93759K, capacity 98485K, committed 98496K, reserved 1134592K
  class space    used 11995K, capacity 12877K, committed 12888K, reserved 1048576K
}
Event: 1422.615 GC heap before
{Heap before GC invocations=26 (full 4):
 PSYoungGen      total 266752K, used 33956K [0x00000000e0000000, 0x00000000f3b00000, 0x0000000100000000)
  eden space 220160K, 0% used [0x00000000e0000000,0x00000000e0000000,0x00000000ed700000)
  from space 46592K, 72% used [0x00000000f0700000,0x00000000f28290e0,0x00000000f3480000)
  to   space 49152K, 0% used [0x00000000ed700000,0x00000000ed700000,0x00000000f0700000)
 ParOldGen       total 89088K, used 75817K [0x00000000a0000000, 0x00000000a5700000, 0x00000000e0000000)
  object space 89088K, 85% used [0x00000000a0000000,0x00000000a4a0a698,0x00000000a5700000)
 Metaspace       used 93759K, capacity 98485K, committed 98496K, reserved 1134592K
  class space    used 11995K, capacity 12877K, committed 12888K, reserved 1048576K
Event: 1423.060 GC heap after
Heap after GC invocations=26 (full 4):
 PSYoungGen      total 266752K, used 0K [0x00000000e0000000, 0x00000000f3b00000, 0x0000000100000000)
  eden space 220160K, 0% used [0x00000000e0000000,0x00000000e0000000,0x00000000ed700000)
  from space 46592K, 0% used [0x00000000f0700000,0x00000000f0700000,0x00000000f3480000)
  to   space 49152K, 0% used [0x00000000ed700000,0x00000000ed700000,0x00000000f0700000)
 ParOldGen       total 156672K, used 69731K [0x00000000a0000000, 0x00000000a9900000, 0x00000000e0000000)
  object space 156672K, 44% used [0x00000000a0000000,0x00000000a4418d38,0x00000000a9900000)
 Metaspace       used 93561K, capacity 97873K, committed 98496K, reserved 1134592K
  class space    used 11934K, capacity 12783K, committed 12888K, reserved 1048576K
}

Deoptimization events (10 events):
Event: 1424.829 Thread 0x000000001c2e4000 Uncommon trap: reason=bimorphic action=maybe_recompile pc=0x00000000061fb4b8 method=com.android.tools.r8.ir.code.ValueType.a(Lcom/android/tools/r8/ir/analysis/type/TypeLatticeElement;)Lcom/android/tools/r8/ir/code/ValueType; @ 12
Event: 1424.829 Thread 0x000000001c2e4000 Uncommon trap: reason=bimorphic action=maybe_recompile pc=0x00000000062027d4 method=com.android.tools.r8.ir.code.ValueType.a(Lcom/android/tools/r8/ir/analysis/type/TypeLatticeElement;)Lcom/android/tools/r8/ir/code/ValueType; @ 12
Event: 1424.832 Thread 0x000000001c2e4000 Uncommon trap: reason=unstable_if action=reinterpret pc=0x000000000623b658 method=com.android.tools.r8.ir.analysis.type.TypeLatticeElement.q()I @ 35
Event: 1424.838 Thread 0x000000001c2e1000 Uncommon trap: reason=unstable_if action=reinterpret pc=0x00000000058df148 method=com.android.tools.r8.ir.conversion.X.a(ILcom/android/tools/r8/t/a/a/B;)I @ 78
Event: 1425.245 Thread 0x000000001c2e4000 Uncommon trap: reason=bimorphic action=maybe_recompile pc=0x00000000062050f8 method=com.android.tools.r8.ir.code.ValueType.a(Lcom/android/tools/r8/ir/analysis/type/TypeLatticeElement;)Lcom/android/tools/r8/ir/code/ValueType; @ 12
Event: 1425.252 Thread 0x000000001c2e4000 Uncommon trap: reason=unstable_if action=reinterpret pc=0x00000000040cf95c method=com.android.tools.r8.ir.regalloc.LiveIntervals.getSplitCovering(I)Lcom/android/tools/r8/ir/regalloc/LiveIntervals; @ 153
Event: 1425.398 Thread 0x000000001c2e2000 Uncommon trap: reason=range_check action=make_not_entrant pc=0x000000000627bdc8 method=org.objectweb.asm.Type.getType([CI)Lorg/objectweb/asm/Type; @ 2
Event: 1425.738 Thread 0x000000001c2e4000 Uncommon trap: reason=bimorphic action=maybe_recompile pc=0x0000000003fc8ef8 method=com.android.tools.r8.ir.code.ValueType.a(Lcom/android/tools/r8/ir/analysis/type/TypeLatticeElement;)Lcom/android/tools/r8/ir/code/ValueType; @ 23
Event: 1425.739 Thread 0x000000001c2e4000 Uncommon trap: reason=bimorphic action=maybe_recompile pc=0x0000000003fc8ef8 method=com.android.tools.r8.ir.code.ValueType.a(Lcom/android/tools/r8/ir/analysis/type/TypeLatticeElement;)Lcom/android/tools/r8/ir/code/ValueType; @ 23
Event: 1425.739 Thread 0x000000001c2e4000 Uncommon trap: reason=bimorphic action=maybe_recompile pc=0x000000000405a484 method=com.android.tools.r8.ir.code.ValueType.a(Lcom/android/tools/r8/ir/analysis/type/TypeLatticeElement;)Lcom/android/tools/r8/ir/code/ValueType; @ 23

Classes redefined (0 events):
No events

Internal exceptions (10 events):
Event: 1424.033 Thread 0x000000001c2e1000 Exception <a 'sun/nio/fs/WindowsException'> (0x00000000e2077798) thrown at [D:\src\AOSP-openjdk-cygwin\jdk8u\hotspot\src\share\vm\prims\jni.cpp, line 710]
Event: 1424.122 Thread 0x000000001c2e2000 Implicit null exception at 0x0000000005174f5c to 0x0000000005175229
Event: 1424.176 Thread 0x000000001c2e2000 Implicit null exception at 0x0000000004a52478 to 0x0000000004a5300e
Event: 1424.373 Thread 0x000000001c2e2000 Exception <a 'sun/nio/fs/WindowsException'> (0x00000000e2e92ac0) thrown at [D:\src\AOSP-openjdk-cygwin\jdk8u\hotspot\src\share\vm\prims\jni.cpp, line 710]
Event: 1424.735 Thread 0x000000001c2e2000 Exception <a 'sun/nio/fs/WindowsException'> (0x00000000e3e5b0d8) thrown at [D:\src\AOSP-openjdk-cygwin\jdk8u\hotspot\src\share\vm\prims\jni.cpp, line 710]
Event: 1425.420 Thread 0x000000001c2e1000 Exception <a 'sun/nio/fs/WindowsException'> (0x00000000e562ec90) thrown at [D:\src\AOSP-openjdk-cygwin\jdk8u\hotspot\src\share\vm\prims\jni.cpp, line 710]
Event: 1425.741 Thread 0x000000001c2e2000 Exception <a 'sun/nio/fs/WindowsException'> (0x00000000e5abde78) thrown at [D:\src\AOSP-openjdk-cygwin\jdk8u\hotspot\src\share\vm\prims\jni.cpp, line 710]
Event: 1425.773 Thread 0x000000001c2e1000 Exception <a 'sun/nio/fs/WindowsException'> (0x00000000e64c8148) thrown at [D:\src\AOSP-openjdk-cygwin\jdk8u\hotspot\src\share\vm\prims\jni.cpp, line 710]
Event: 1425.858 Thread 0x000000001c2e1000 Exception <a 'sun/nio/fs/WindowsException'> (0x00000000e6d364f0) thrown at [D:\src\AOSP-openjdk-cygwin\jdk8u\hotspot\src\share\vm\prims\jni.cpp, line 710]
Event: 1425.883 Thread 0x000000001c2e1000 Exception <a 'sun/nio/fs/WindowsException'> (0x00000000e7010838) thrown at [D:\src\AOSP-openjdk-cygwin\jdk8u\hotspot\src\share\vm\prims\jni.cpp, line 710]

Events (10 events):
Event: 1425.772 Thread 0x000000001c2e1000 DEOPT PACKING pc=0x0000000005fbdca4 sp=0x000000002c16c320
Event: 1425.772 Thread 0x000000001c2e1000 DEOPT UNPACKING pc=0x0000000002ad75d0 sp=0x000000002c16c1d8 mode 0
Event: 1425.837 Executing VM operation: ForceSafepoint
Event: 1425.837 Executing VM operation: ForceSafepoint done
Event: 1425.899 loading class com/android/tools/r8/ir/code/NewArrayEmpty
Event: 1425.899 loading class com/android/tools/r8/ir/code/NewArrayEmpty done
Event: 1425.899 loading class com/android/tools/r8/ir/code/NewArrayEmpty
Event: 1425.899 loading class com/android/tools/r8/ir/code/NewArrayEmpty done
Event: 1425.904 loading class com/android/tools/r8/ir/conversion/z
Event: 1425.904 loading class com/android/tools/r8/ir/conversion/z done


Dynamic libraries:
0x00007ff6c6a70000 - 0x00007ff6c6aa1000 	C:\Program Files\Android\Android Studio\jre\bin\java.exe
0x00007ffe32090000 - 0x00007ffe3227d000 	C:\Windows\SYSTEM32\ntdll.dll
0x00007ffe2f730000 - 0x00007ffe2f7e3000 	C:\Windows\System32\KERNEL32.DLL
0x00007ffe2e260000 - 0x00007ffe2e4f3000 	C:\Windows\System32\KERNELBASE.dll
0x00007ffe2f360000 - 0x00007ffe2f403000 	C:\Windows\System32\ADVAPI32.dll
0x00007ffe2f690000 - 0x00007ffe2f72e000 	C:\Windows\System32\msvcrt.dll
0x00007ffe2f7f0000 - 0x00007ffe2f88e000 	C:\Windows\System32\sechost.dll
0x00007ffe31f30000 - 0x00007ffe32052000 	C:\Windows\System32\RPCRT4.dll
0x00007ffe2fd40000 - 0x00007ffe2fed7000 	C:\Windows\System32\USER32.dll
0x00007ffe2eac0000 - 0x00007ffe2eae0000 	C:\Windows\System32\win32u.dll
0x00007ffe2f890000 - 0x00007ffe2f8b9000 	C:\Windows\System32\GDI32.dll
0x00007ffe2e820000 - 0x00007ffe2e9b9000 	C:\Windows\System32\gdi32full.dll
0x00007ffe2e6e0000 - 0x00007ffe2e780000 	C:\Windows\System32\msvcp_win.dll
0x00007ffe2e9c0000 - 0x00007ffe2eaba000 	C:\Windows\System32\ucrtbase.dll
0x00007ffe1e1f0000 - 0x00007ffe1e469000 	C:\Windows\WinSxS\amd64_microsoft.windows.common-controls_6595b64144ccf1df_6.0.17763.802_none_05b1445c0722d2cc\COMCTL32.dll
0x00007ffe30100000 - 0x00007ffe3042c000 	C:\Windows\System32\combase.dll
0x00007ffe2e7a0000 - 0x00007ffe2e81e000 	C:\Windows\System32\bcryptPrimitives.dll
0x00007ffe2f2b0000 - 0x00007ffe2f2de000 	C:\Windows\System32\IMM32.DLL
0x000000006a060000 - 0x000000006a132000 	C:\Program Files\Android\Android Studio\jre\jre\bin\msvcr100.dll
0x000000006a220000 - 0x000000006aa66000 	C:\Program Files\Android\Android Studio\jre\jre\bin\server\jvm.dll
0x00007ffe31f20000 - 0x00007ffe31f28000 	C:\Windows\System32\PSAPI.DLL
0x00007ffe23a10000 - 0x00007ffe23a1a000 	C:\Windows\SYSTEM32\VERSION.dll
0x00007ffe2abb0000 - 0x00007ffe2abb9000 	C:\Windows\SYSTEM32\WSOCK32.dll
0x00007ffe2bcc0000 - 0x00007ffe2bce4000 	C:\Windows\SYSTEM32\WINMM.dll
0x00007ffe31a60000 - 0x00007ffe31acd000 	C:\Windows\System32\WS2_32.dll
0x00007ffe2bc90000 - 0x00007ffe2bcbd000 	C:\Windows\SYSTEM32\WINMMBASE.dll
0x00007ffe2f230000 - 0x00007ffe2f27a000 	C:\Windows\System32\cfgmgr32.dll
0x00007ffe2aba0000 - 0x00007ffe2abaf000 	C:\Program Files\Android\Android Studio\jre\jre\bin\verify.dll
0x00007ffe2ab70000 - 0x00007ffe2ab99000 	C:\Program Files\Android\Android Studio\jre\jre\bin\java.dll
0x00007ffe2ab50000 - 0x00007ffe2ab66000 	C:\Program Files\Android\Android Studio\jre\jre\bin\zip.dll
0x00007ffe30540000 - 0x00007ffe31a34000 	C:\Windows\System32\SHELL32.dll
0x00007ffe30430000 - 0x00007ffe304d8000 	C:\Windows\System32\shcore.dll
0x00007ffe2eae0000 - 0x00007ffe2f22d000 	C:\Windows\System32\windows.storage.dll
0x00007ffe2e080000 - 0x00007ffe2e0a4000 	C:\Windows\System32\profapi.dll
0x00007ffe2e0b0000 - 0x00007ffe2e10d000 	C:\Windows\System32\powrprof.dll
0x00007ffe2ff40000 - 0x00007ffe2ff92000 	C:\Windows\System32\shlwapi.dll
0x00007ffe2e130000 - 0x00007ffe2e141000 	C:\Windows\System32\kernel.appcore.dll
0x00007ffe2e780000 - 0x00007ffe2e797000 	C:\Windows\System32\cryptsp.dll
0x00007ffe2ab30000 - 0x00007ffe2ab4a000 	C:\Program Files\Android\Android Studio\jre\jre\bin\net.dll
0x00007ffe2d890000 - 0x00007ffe2d8f7000 	C:\Windows\system32\mswsock.dll
0x00007ffe2ab10000 - 0x00007ffe2ab21000 	C:\Program Files\Android\Android Studio\jre\jre\bin\nio.dll
0x00007ffe1c070000 - 0x00007ffe1c096000 	C:\Users\Home\.gradle\native\29\windows-amd64\native-platform.dll
0x00007ffe2ab00000 - 0x00007ffe2ab0d000 	C:\Program Files\Android\Android Studio\jre\jre\bin\management.dll
0x00007ffe2d410000 - 0x00007ffe2d443000 	C:\Windows\system32\rsaenh.dll
0x00007ffe2f280000 - 0x00007ffe2f2a6000 	C:\Windows\System32\bcrypt.dll
0x00007ffe2df80000 - 0x00007ffe2dfa8000 	C:\Windows\SYSTEM32\USERENV.dll
0x00007ffe2da60000 - 0x00007ffe2da6c000 	C:\Windows\SYSTEM32\CRYPTBASE.dll
0x00007ffe2d5b0000 - 0x00007ffe2d5ed000 	C:\Windows\SYSTEM32\IPHLPAPI.DLL
0x00007ffe2f410000 - 0x00007ffe2f418000 	C:\Windows\System32\NSI.dll
0x00007ffe284d0000 - 0x00007ffe284e6000 	C:\Windows\SYSTEM32\dhcpcsvc6.DLL
0x00007ffe27f80000 - 0x00007ffe27f9c000 	C:\Windows\SYSTEM32\dhcpcsvc.DLL
0x00007ffe2d5f0000 - 0x00007ffe2d6b6000 	C:\Windows\SYSTEM32\DNSAPI.dll
0x00007ffe28010000 - 0x00007ffe28034000 	C:\Program Files\Android\Android Studio\jre\jre\bin\sunec.dll
0x00007ffe25050000 - 0x00007ffe2505a000 	C:\Windows\System32\rasadhlp.dll
0x00007ffe25440000 - 0x00007ffe254b9000 	C:\Windows\System32\fwpuclnt.dll
0x00007ffe2aac0000 - 0x00007ffe2aacb000 	C:\Program Files\Android\Android Studio\jre\jre\bin\sunmscapi.dll
0x00007ffe2e500000 - 0x00007ffe2e6db000 	C:\Windows\System32\CRYPT32.dll
0x00007ffe2e110000 - 0x00007ffe2e122000 	C:\Windows\System32\MSASN1.dll
0x00007ffe2c3c0000 - 0x00007ffe2c44c000 	C:\Windows\system32\apphelp.dll

VM Arguments:
jvm_args: -Xmx1536m -Dfile.encoding=windows-1251 -Duser.country=RU -Duser.language=ru -Duser.variant 
java_command: org.gradle.launcher.daemon.bootstrap.GradleDaemon 5.4.1
java_class_path (initial): C:\Users\Home\.gradle\wrapper\dists\gradle-5.4.1-all\3221gyojl5jsh0helicew7rwx\gradle-5.4.1\lib\gradle-launcher-5.4.1.jar
Launcher Type: SUN_STANDARD

Environment Variables:
PATH=C:\Program Files (x86)\Common Files\Oracle\Java\javapath;C:\Windows\system32;C:\Windows;C:\Windows\System32\Wbem;C:\Windows\System32\WindowsPowerShell\v1.0\;C:\Windows\System32\OpenSSH\;C:\Users\Home\AppData\Local\Microsoft\WindowsApps;
USERNAME=Home
OS=Windows_NT
PROCESSOR_IDENTIFIER=Intel64 Family 6 Model 42 Stepping 7, GenuineIntel



---------------  S Y S T E M  ---------------

OS: Windows 10.0 , 64 bit Build 17763 (10.0.17763.475)

CPU:total 4 (initial active 4) (2 cores per cpu, 2 threads per core) family 6 model 42 stepping 7, cmov, cx8, fxsr, mmx, sse, sse2, sse3, ssse3, sse4.1, sse4.2, popcnt, avx, clmul, ht, tsc, tscinvbit

Memory: 4k page, physical 4026732k(440792k free), swap 4845932k(6336k free)

vm_info: OpenJDK 64-Bit Server VM (25.202-b03) for windows-amd64 JRE (1.8.0_202-release-1483-b03), built by "builder" with MS VC++ 10.0 (VS2010)

time: Sun Oct 27 16:23:21 2019
timezone: RTZ 2 (зима)
elapsed time: 1426 seconds (0d 0h 23m 46s)

