JvmtiExport can_access_local_variables 0
JvmtiExport can_hotswap_or_post_breakpoint 0
JvmtiExport can_post_on_exceptions 0
# 845 ciObject found
ciMethodData java/lang/Integer compare (II)I 2 1291947 orig 264 8 206 124 106 0 0 0 0 24 114 23 22 0 0 0 0 152 1 0 0 32 0 0 0 0 0 0 0 0 0 0 0 0 0 0 0 0 0 0 0 0 0 0 0 0 0 0 0 0 0 0 0 0 0 0 0 0 0 0 0 0 0 0 0 0 0 0 0 0 0 0 0 0 0 0 0 0 0 0 0 77 68 79 32 101 120 116 114 97 32 100 97 116 97 32 108 111 99 107 0 0 0 0 0 0 0 0 0 0 0 0 0 0 0 0 0 0 0 0 0 0 0 0 0 0 0 0 0 0 0 0 0 0 0 0 0 0 0 0 0 0 0 0 0 0 0 0 0 0 0 0 0 0 0 0 0 0 0 0 0 0 0 0 0 0 0 0 0 0 0 0 0 0 0 0 0 0 0 0 0 0 0 0 0 0 0 0 0 0 0 0 0 0 0 0 0 0 0 0 0 0 0 0 0 0 0 0 0 0 0 0 0 0 0 0 0 171 1 0 0 1 168 157 0 1 0 0 0 0 0 0 0 0 0 0 0 2 0 0 0 0 0 8 0 2 0 0 0 112 0 0 0 255 255 255 255 7 0 2 0 0 0 0 0 data 14 0x20007 0x9e114 0x38 0x9d620 0x60003 0x9d683 0x50 0xb0007 0x6dc15 0x38 0x30571 0xf0003 0x305a8 0x18 oops 0
ciMethod java/lang/Object <init> ()V 4097 1 16973460 0 0
ciMethod java/lang/Object hashCode ()I 2049 1 256 0 -1
ciMethod java/lang/Object equals (Ljava/lang/Object;)Z 2201 1 112239 0 -1
ciMethod java/lang/Comparable compareTo (Ljava/lang/Object;)I 0 0 1 0 -1
ciMethod java/lang/System arraycopy (Ljava/lang/Object;ILjava/lang/Object;II)V 4097 1 512 0 -1
ciMethod java/util/Map get (Ljava/lang/Object;)Ljava/lang/Object; 0 0 1 0 -1
ciMethod java/lang/Number <init> ()V 3225 1 288083 0 32
ciMethod java/lang/Integer valueOf (I)Ljava/lang/Integer; 2137 1 2186956 0 192
ciMethod java/lang/Integer <init> (I)V 2449 1 273932 0 0
ciMethod java/lang/Integer intValue ()I 1137 1 142 0 -1
ciMethod java/lang/Integer compareTo (Ljava/lang/Integer;)I 4097 1 316438 0 0
ciMethod java/lang/Integer compare (II)I 3417 1 1291947 0 64
ciMethod java/lang/Integer compareTo (Ljava/lang/Object;)I 4097 1 316422 0 0
ciMethod java/util/Comparator compare (Ljava/lang/Object;Ljava/lang/Object;)I 0 0 1 0 -1
ciMethod java/util/Collection toArray ()[Ljava/lang/Object; 0 0 1 0 -1
ciMethod java/util/List size ()I 0 0 1 0 -1
ciMethod java/util/List isEmpty ()Z 0 0 1 0 -1
ciMethod java/util/List contains (Ljava/lang/Object;)Z 0 0 1 0 -1
ciMethod java/util/List iterator ()Ljava/util/Iterator; 0 0 1 0 -1
ciMethod java/util/List add (Ljava/lang/Object;)Z 0 0 1 0 -1
ciMethod java/util/List remove (Ljava/lang/Object;)Z 0 0 1 0 -1
ciMethod java/util/List addAll (Ljava/util/Collection;)Z 0 0 1 0 -1
ciMethod java/util/List clear ()V 0 0 1 0 -1
ciMethod java/util/List get (I)Ljava/lang/Object; 0 0 1 0 -1
ciMethod java/util/List indexOf (Ljava/lang/Object;)I 0 0 1 0 -1
ciMethod java/util/List subList (II)Ljava/util/List; 0 0 1 0 -1
ciMethod java/util/AbstractList listIterator ()Ljava/util/ListIterator; 2089 1 2186396 0 352
ciMethod java/util/AbstractList listIterator (I)Ljava/util/ListIterator; 385 1 47 0 -1
ciMethod java/util/AbstractCollection size ()I 0 0 1 0 -1
ciMethod java/util/AbstractCollection isEmpty ()Z 2089 1 209186 0 -1
ciMethod java/util/ArrayList <init> ()V 937 1 1369768 0 -1
ciMethod java/util/ArrayList size ()I 1025 1 128 0 0
ciMethod java/util/ArrayList elementData (I)Ljava/lang/Object; 2033 1 128129 0 0
ciMethod java/util/ArrayList get (I)Ljava/lang/Object; 2033 1 31166 0 128
ciMethod java/util/ArrayList rangeCheck (I)V 2033 1 128124 0 64
ciMethod java/util/ArrayList iterator ()Ljava/util/Iterator; 4097 1 155111 0 160
ciMethod java/util/ArrayList access$000 (Ljava/util/ArrayList;)I 1049 1 131 0 0
ciMethod java/util/Collections binarySearch (Ljava/util/List;Ljava/lang/Object;)I 4097 1 6866 0 -1
ciMethod java/util/Collections unmodifiableList (Ljava/util/List;)Ljava/util/List; 2065 1 3506565 0 288
ciMethod java/util/Set contains (Ljava/lang/Object;)Z 0 0 1 0 -1
ciMethod java/util/Set iterator ()Ljava/util/Iterator; 0 0 1 0 -1
ciMethod java/util/Set toArray ([Ljava/lang/Object;)[Ljava/lang/Object; 0 0 1 0 -1
ciMethod java/util/Set add (Ljava/lang/Object;)Z 0 0 1 0 -1
ciMethod java/util/AbstractSet removeAll (Ljava/util/Collection;)Z 8641 5513 928 0 -1
ciMethod java/util/Collections$UnmodifiableRandomAccessList <init> (Ljava/util/List;)V 2089 1 3520185 0 0
ciMethod java/util/Collections$UnmodifiableList <init> (Ljava/util/List;)V 2097 1 3520353 0 0
ciMethod java/util/Collections$UnmodifiableList get (I)Ljava/lang/Object; 4097 1 5632 0 288
ciMethod java/util/Collections$UnmodifiableCollection <init> (Ljava/util/Collection;)V 2161 1 37035 0 96
ciMethod java/lang/Math min (II)I 3369 1 789046 0 -1
ciMethod java/util/Arrays sort ([Ljava/lang/Object;Ljava/util/Comparator;)V 2425 1 23879 0 -1
ciMethod java/util/Arrays fill ([Ljava/lang/Object;IILjava/lang/Object;)V 2057 1193 9690 0 -1
ciMethod java/util/Arrays copyOf ([Ljava/lang/Object;I)[Ljava/lang/Object; 2049 1 30201 0 -1
ciMethod java/util/Arrays copyOf ([II)[I 95489 1 10498 0 0
ciMethod java/util/Arrays asList ([Ljava/lang/Object;)Ljava/util/List; 2049 1 19225 0 -1
ciMethod java/util/Iterator hasNext ()Z 0 0 1 0 -1
ciMethod java/util/Iterator next ()Ljava/lang/Object; 0 0 1 0 -1
ciMethod java/util/Iterator remove ()V 0 0 1 0 -1
ciMethod java/lang/Enum ordinal ()I 1025 1 128 0 -1
ciMethodData java/lang/Object <init> ()V 2 16973467 orig 264 8 206 124 106 0 0 0 0 128 4 13 22 0 0 0 0 32 1 0 0 0 0 0 0 0 0 0 0 0 0 0 0 0 0 0 0 0 0 0 0 0 0 0 0 0 0 0 0 0 0 0 0 0 0 0 0 0 0 0 0 0 0 0 0 0 0 0 0 0 0 0 0 0 0 0 0 0 0 0 0 77 68 79 32 101 120 116 114 97 32 100 97 116 97 32 108 111 99 107 0 0 0 0 0 0 0 0 0 0 0 0 0 0 0 0 0 0 0 0 0 0 0 0 0 0 0 0 0 0 0 0 0 0 0 0 0 0 0 0 0 0 0 0 0 0 0 0 0 0 0 0 0 0 0 0 0 0 0 0 0 0 0 0 0 0 0 0 0 0 0 0 0 0 0 0 0 0 0 0 0 0 0 0 0 1 0 0 0 0 0 0 0 1 0 0 0 0 0 0 0 1 0 0 0 0 0 0 0 0 0 0 0 0 0 0 0 0 2 0 0 217 228 23 8 1 0 0 0 0 0 0 0 0 0 0 0 2 0 0 0 0 0 3 0 1 0 0 0 0 0 0 0 255 255 255 255 0 0 0 0 0 0 0 0 data 0 oops 0
ciMethod java/util/BitSet wordIndex (I)I 2049 1 411019 0 0
ciMethod java/util/BitSet checkInvariants ()V 2049 1 5496 0 32
ciMethod java/util/BitSet recalculateWordsInUse ()V 17001 16457 1994 0 0
ciMethod java/util/BitSet <init> (I)V 4097 1 33588 0 -1
ciMethod java/util/BitSet expandTo (I)V 4097 1 76241 0 -1
ciMethod java/util/BitSet set (I)V 4097 1 76226 0 0
ciMethod java/util/BitSet set (IZ)V 4097 1 2094 0 0
ciMethod java/util/BitSet clear (I)V 4097 1 68639 0 0
ciMethod java/util/HashSet <init> ()V 17 1 587550 0 -1
ciMethod java/util/ListIterator hasNext ()Z 0 0 1 0 -1
ciMethod java/util/ListIterator next ()Ljava/lang/Object; 0 0 1 0 -1
ciMethod java/util/ListIterator remove ()V 0 0 1 0 -1
ciMethodData java/util/ArrayList get (I)Ljava/lang/Object; 2 31166 orig 264 8 206 124 106 0 0 0 0 48 26 26 22 0 0 0 0 144 1 0 0 0 0 0 0 0 0 0 0 0 0 0 0 0 0 0 0 0 0 0 0 0 0 0 0 0 0 0 0 0 0 0 0 0 0 0 0 0 0 0 0 0 0 0 0 0 0 0 0 0 0 0 0 0 0 0 0 0 0 0 0 77 68 79 32 101 120 116 114 97 32 100 97 116 97 32 108 111 99 107 0 0 0 0 0 0 0 0 0 0 0 0 0 0 0 0 0 0 0 0 0 0 0 0 0 0 0 0 0 0 0 0 0 0 0 0 0 0 0 0 0 0 0 0 0 0 0 0 0 0 0 0 0 0 0 0 0 0 0 0 0 0 0 0 0 0 0 0 0 0 0 0 0 0 0 0 0 0 0 0 0 0 0 0 0 0 0 0 0 0 0 0 0 0 0 0 0 0 0 0 0 0 0 0 0 0 0 0 0 0 0 0 0 0 0 0 0 254 0 0 0 1 198 3 0 1 0 0 0 0 0 0 0 0 0 0 0 2 0 0 0 0 0 6 0 2 0 0 0 64 0 0 0 255 255 255 255 2 0 2 0 0 0 0 0 data 8 0x20002 0x78c1 0x70005 0x0 0x1d79c3d0 0x78c1 0x0 0x0 oops 1